{"/home/ik1533/code/solid-oidc-client-browser/src/core/AuthorizationCodeGrant.ts": {"path":"/home/ik1533/code/solid-oidc-client-browser/src/core/AuthorizationCodeGrant.ts","statementMap":{"0":{"start":{"line":1,"column":0},"end":{"line":1,"column":146}},"1":{"start":{"line":2,"column":0},"end":{"line":2,"column":79}},"2":{"start":{"line":12,"column":25},"end":{"line":93,"column":1}},"3":{"start":{"line":14,"column":24},"end":{"line":14,"column":45}},"4":{"start":{"line":15,"column":28},"end":{"line":15,"column":96}},"5":{"start":{"line":17,"column":21},"end":{"line":17,"column":40}},"6":{"start":{"line":19,"column":4},"end":{"line":25,"column":8}},"7":{"start":{"line":21,"column":8},"end":{"line":23,"column":9}},"8":{"start":{"line":22,"column":10},"end":{"line":22,"column":68}},"9":{"start":{"line":24,"column":8},"end":{"line":24,"column":31}},"10":{"start":{"line":27,"column":17},"end":{"line":27,"column":47}},"11":{"start":{"line":28,"column":30},"end":{"line":28,"column":91}},"12":{"start":{"line":28,"column":48},"end":{"line":28,"column":90}},"13":{"start":{"line":29,"column":2},"end":{"line":33,"column":3}},"14":{"start":{"line":30,"column":4},"end":{"line":32,"column":6}},"15":{"start":{"line":34,"column":2},"end":{"line":34,"column":40}},"16":{"start":{"line":36,"column":2},"end":{"line":39,"column":4}},"17":{"start":{"line":41,"column":2},"end":{"line":44,"column":4}},"18":{"start":{"line":46,"column":18},"end":{"line":46,"column":43}},"19":{"start":{"line":48,"column":2},"end":{"line":64,"column":3}},"20":{"start":{"line":50,"column":34},"end":{"line":50,"column":79}},"21":{"start":{"line":53,"column":6},"end":{"line":62,"column":10}},"22":{"start":{"line":58,"column":10},"end":{"line":60,"column":11}},"23":{"start":{"line":59,"column":12},"end":{"line":59,"column":70}},"24":{"start":{"line":61,"column":10},"end":{"line":61,"column":33}},"25":{"start":{"line":63,"column":4},"end":{"line":63,"column":59}},"26":{"start":{"line":66,"column":2},"end":{"line":70,"column":3}},"27":{"start":{"line":67,"column":4},"end":{"line":67,"column":null}},"28":{"start":{"line":69,"column":4},"end":{"line":69,"column":51}},"29":{"start":{"line":73,"column":54},"end":{"line":73,"column":73}},"30":{"start":{"line":74,"column":2},"end":{"line":74,"column":67}},"31":{"start":{"line":77,"column":21},"end":{"line":77,"column":47}},"32":{"start":{"line":78,"column":2},"end":{"line":78,"column":51}},"33":{"start":{"line":82,"column":4},"end":{"line":90,"column":21}},"34":{"start":{"line":92,"column":2},"end":{"line":92,"column":41}},"35":{"start":{"line":306,"column":9},"end":{"line":306,"column":25}},"36":{"start":{"line":99,"column":20},"end":{"line":115,"column":1}},"37":{"start":{"line":102,"column":4},"end":{"line":102,"column":65}},"38":{"start":{"line":104,"column":17},"end":{"line":108,"column":null}},"39":{"start":{"line":110,"column":30},"end":{"line":113,"column":23}},"40":{"start":{"line":114,"column":2},"end":{"line":114,"column":53}},"41":{"start":{"line":122,"column":27},"end":{"line":250,"column":1}},"42":{"start":{"line":123,"column":14},"end":{"line":123,"column":43}},"43":{"start":{"line":125,"column":29},"end":{"line":125,"column":57}},"44":{"start":{"line":127,"column":2},"end":{"line":129,"column":3}},"45":{"start":{"line":128,"column":4},"end":{"line":128,"column":67}},"46":{"start":{"line":131,"column":14},"end":{"line":131,"column":43}},"47":{"start":{"line":132,"column":2},"end":{"line":136,"column":3}},"48":{"start":{"line":133,"column":4},"end":{"line":135,"column":6}},"49":{"start":{"line":138,"column":2},"end":{"line":142,"column":3}},"50":{"start":{"line":139,"column":4},"end":{"line":141,"column":6}},"51":{"start":{"line":144,"column":2},"end":{"line":144,"column":33}},"52":{"start":{"line":145,"column":2},"end":{"line":145,"column":35}},"53":{"start":{"line":146,"column":2},"end":{"line":146,"column":34}},"54":{"start":{"line":147,"column":2},"end":{"line":147,"column":63}},"55":{"start":{"line":150,"column":29},"end":{"line":150,"column":73}},"56":{"start":{"line":151,"column":2},"end":{"line":155,"column":3}},"57":{"start":{"line":152,"column":4},"end":{"line":154,"column":6}},"58":{"start":{"line":156,"column":20},"end":{"line":156,"column":84}},"59":{"start":{"line":157,"column":2},"end":{"line":161,"column":3}},"60":{"start":{"line":158,"column":4},"end":{"line":160,"column":6}},"61":{"start":{"line":162,"column":25},"end":{"line":162,"column":65}},"62":{"start":{"line":163,"column":2},"end":{"line":167,"column":3}},"63":{"start":{"line":164,"column":4},"end":{"line":166,"column":6}},"64":{"start":{"line":170,"column":19},"end":{"line":170,"column":49}},"65":{"start":{"line":173,"column":4},"end":{"line":186,"column":8}},"66":{"start":{"line":182,"column":8},"end":{"line":184,"column":9}},"67":{"start":{"line":183,"column":10},"end":{"line":183,"column":68}},"68":{"start":{"line":185,"column":8},"end":{"line":185,"column":31}},"69":{"start":{"line":189,"column":22},"end":{"line":189,"column":52}},"70":{"start":{"line":190,"column":19},"end":{"line":190,"column":53}},"71":{"start":{"line":191,"column":2},"end":{"line":195,"column":3}},"72":{"start":{"line":192,"column":4},"end":{"line":194,"column":6}},"73":{"start":{"line":196,"column":15},"end":{"line":196,"column":52}},"74":{"start":{"line":197,"column":22},"end":{"line":201,"column":4}},"75":{"start":{"line":203,"column":25},"end":{"line":203,"column":90}},"76":{"start":{"line":204,"column":2},"end":{"line":208,"column":3}},"77":{"start":{"line":205,"column":4},"end":{"line":207,"column":6}},"78":{"start":{"line":210,"column":2},"end":{"line":214,"column":3}},"79":{"start":{"line":211,"column":4},"end":{"line":213,"column":6}},"80":{"start":{"line":217,"column":24},"end":{"line":217,"column":86}},"81":{"start":{"line":218,"column":22},"end":{"line":218,"column":82}},"82":{"start":{"line":219,"column":2},"end":{"line":219,"column":76}},"83":{"start":{"line":219,"column":23},"end":{"line":219,"column":76}},"84":{"start":{"line":220,"column":2},"end":{"line":220,"column":39}},"85":{"start":{"line":223,"column":2},"end":{"line":234,"column":3}},"86":{"start":{"line":224,"column":4},"end":{"line":224,"column":26}},"87":{"start":{"line":225,"column":4},"end":{"line":232,"column":7}},"88":{"start":{"line":233,"column":4},"end":{"line":233,"column":21}},"89":{"start":{"line":237,"column":2},"end":{"line":237,"column":42}},"90":{"start":{"line":238,"column":2},"end":{"line":238,"column":50}},"91":{"start":{"line":239,"column":2},"end":{"line":239,"column":35}},"92":{"start":{"line":240,"column":2},"end":{"line":240,"column":40}},"93":{"start":{"line":241,"column":2},"end":{"line":241,"column":46}},"94":{"start":{"line":242,"column":2},"end":{"line":242,"column":41}},"95":{"start":{"line":245,"column":2},"end":{"line":249,"column":null}},"96":{"start":{"line":306,"column":27},"end":{"line":306,"column":45}},"97":{"start":{"line":263,"column":27},"end":{"line":304,"column":1}},"98":{"start":{"line":272,"column":25},"end":{"line":272,"column":60}},"99":{"start":{"line":273,"column":2},"end":{"line":273,"column":31}},"100":{"start":{"line":275,"column":15},"end":{"line":286,"column":30}},"101":{"start":{"line":288,"column":2},"end":{"line":303,"column":7}}},"fnMap":{"0":{"name":"(anonymous_0)","decl":{"start":{"line":12,"column":25},"end":{"line":12,"column":30}},"loc":{"start":{"line":12,"column":101},"end":{"line":93,"column":1}}},"1":{"name":"(anonymous_1)","decl":{"start":{"line":20,"column":12},"end":{"line":20,"column":13}},"loc":{"start":{"line":20,"column":25},"end":{"line":25,"column":7}}},"2":{"name":"(anonymous_2)","decl":{"start":{"line":28,"column":30},"end":{"line":28,"column":31}},"loc":{"start":{"line":28,"column":48},"end":{"line":28,"column":90}}},"3":{"name":"(anonymous_3)","decl":{"start":{"line":57,"column":14},"end":{"line":57,"column":15}},"loc":{"start":{"line":57,"column":27},"end":{"line":62,"column":9}}},"4":{"name":"(anonymous_4)","decl":{"start":{"line":99,"column":20},"end":{"line":99,"column":25}},"loc":{"start":{"line":99,"column":31},"end":{"line":115,"column":1}}},"5":{"name":"(anonymous_5)","decl":{"start":{"line":122,"column":27},"end":{"line":122,"column":32}},"loc":{"start":{"line":122,"column":96},"end":{"line":250,"column":1}}},"6":{"name":"(anonymous_6)","decl":{"start":{"line":181,"column":12},"end":{"line":181,"column":13}},"loc":{"start":{"line":181,"column":25},"end":{"line":186,"column":7}}},"7":{"name":"(anonymous_7)","decl":{"start":{"line":263,"column":27},"end":{"line":263,"column":32}},"loc":{"start":{"line":270,"column":4},"end":{"line":304,"column":1}}}},"branchMap":{"0":{"loc":{"start":{"line":21,"column":8},"end":{"line":23,"column":9}},"type":"if","locations":[{"start":{"line":21,"column":8},"end":{"line":23,"column":9}}]},"1":{"loc":{"start":{"line":28,"column":48},"end":{"line":28,"column":90}},"type":"cond-expr","locations":[{"start":{"line":28,"column":68},"end":{"line":28,"column":84}},{"start":{"line":28,"column":87},"end":{"line":28,"column":90}}]},"2":{"loc":{"start":{"line":29,"column":2},"end":{"line":33,"column":3}},"type":"if","locations":[{"start":{"line":29,"column":2},"end":{"line":33,"column":3}}]},"3":{"loc":{"start":{"line":48,"column":2},"end":{"line":64,"column":3}},"type":"if","locations":[{"start":{"line":48,"column":2},"end":{"line":64,"column":3}}]},"4":{"loc":{"start":{"line":55,"column":8},"end":{"line":55,"column":100}},"type":"binary-expr","locations":[{"start":{"line":55,"column":8},"end":{"line":55,"column":58}},{"start":{"line":55,"column":62},"end":{"line":55,"column":100}}]},"5":{"loc":{"start":{"line":58,"column":10},"end":{"line":60,"column":11}},"type":"if","locations":[{"start":{"line":58,"column":10},"end":{"line":60,"column":11}}]},"6":{"loc":{"start":{"line":127,"column":2},"end":{"line":129,"column":3}},"type":"if","locations":[{"start":{"line":127,"column":2},"end":{"line":129,"column":3}}]},"7":{"loc":{"start":{"line":132,"column":2},"end":{"line":136,"column":3}},"type":"if","locations":[{"start":{"line":132,"column":2},"end":{"line":136,"column":3}}]},"8":{"loc":{"start":{"line":132,"column":6},"end":{"line":132,"column":57}},"type":"binary-expr","locations":[{"start":{"line":132,"column":6},"end":{"line":132,"column":18}},{"start":{"line":132,"column":22},"end":{"line":132,"column":57}}]},"9":{"loc":{"start":{"line":138,"column":2},"end":{"line":142,"column":3}},"type":"if","locations":[{"start":{"line":138,"column":2},"end":{"line":142,"column":3}}]},"10":{"loc":{"start":{"line":151,"column":2},"end":{"line":155,"column":3}},"type":"if","locations":[{"start":{"line":151,"column":2},"end":{"line":155,"column":3}}]},"11":{"loc":{"start":{"line":156,"column":20},"end":{"line":156,"column":84}},"type":"binary-expr","locations":[{"start":{"line":156,"column":20},"end":{"line":156,"column":45}},{"start":{"line":156,"column":49},"end":{"line":156,"column":84}}]},"12":{"loc":{"start":{"line":157,"column":2},"end":{"line":161,"column":3}},"type":"if","locations":[{"start":{"line":157,"column":2},"end":{"line":161,"column":3}}]},"13":{"loc":{"start":{"line":163,"column":2},"end":{"line":167,"column":3}},"type":"if","locations":[{"start":{"line":163,"column":2},"end":{"line":167,"column":3}}]},"14":{"loc":{"start":{"line":182,"column":8},"end":{"line":184,"column":9}},"type":"if","locations":[{"start":{"line":182,"column":8},"end":{"line":184,"column":9}}]},"15":{"loc":{"start":{"line":191,"column":2},"end":{"line":195,"column":3}},"type":"if","locations":[{"start":{"line":191,"column":2},"end":{"line":195,"column":3}}]},"16":{"loc":{"start":{"line":204,"column":2},"end":{"line":208,"column":3}},"type":"if","locations":[{"start":{"line":204,"column":2},"end":{"line":208,"column":3}}]},"17":{"loc":{"start":{"line":210,"column":2},"end":{"line":214,"column":3}},"type":"if","locations":[{"start":{"line":210,"column":2},"end":{"line":214,"column":3}}]},"18":{"loc":{"start":{"line":219,"column":2},"end":{"line":219,"column":76}},"type":"if","locations":[{"start":{"line":219,"column":2},"end":{"line":219,"column":76}}]},"19":{"loc":{"start":{"line":223,"column":2},"end":{"line":234,"column":3}},"type":"if","locations":[{"start":{"line":223,"column":2},"end":{"line":234,"column":3}}]}},"s":{"0":2,"1":2,"2":2,"3":11,"4":11,"5":11,"6":11,"7":11,"8":1,"9":10,"10":10,"11":10,"12":20,"13":10,"14":1,"15":9,"16":9,"17":9,"18":9,"19":9,"20":2,"21":2,"22":2,"23":1,"24":1,"25":1,"26":8,"27":8,"28":8,"29":8,"30":8,"31":8,"32":8,"33":8,"34":8,"35":2,"36":2,"37":8,"38":8,"39":8,"40":8,"41":2,"42":15,"43":15,"44":15,"45":1,"46":14,"47":14,"48":1,"49":13,"50":1,"51":12,"52":12,"53":12,"54":12,"55":12,"56":12,"57":1,"58":11,"59":11,"60":1,"61":10,"62":10,"63":1,"64":9,"65":9,"66":9,"67":1,"68":8,"69":8,"70":8,"71":8,"72":1,"73":7,"74":7,"75":6,"76":6,"77":1,"78":5,"79":1,"80":4,"81":4,"82":4,"83":1,"84":4,"85":4,"86":1,"87":1,"88":1,"89":4,"90":4,"91":4,"92":4,"93":4,"94":4,"95":4,"96":2,"97":2,"98":9,"99":9,"100":9,"101":9},"f":{"0":11,"1":11,"2":20,"3":2,"4":8,"5":15,"6":9,"7":9},"b":{"0":[1],"1":[16,4],"2":[1],"3":[2],"4":[2,2],"5":[1],"6":[1],"7":[1],"8":[14,14],"9":[1],"10":[1],"11":[11,2],"12":[1],"13":[1],"14":[1],"15":[1],"16":[1],"17":[1],"18":[1],"19":[1]}}
,"/home/ik1533/code/solid-oidc-client-browser/src/core/DynamicClientRegistration.ts": {"path":"/home/ik1533/code/solid-oidc-client-browser/src/core/DynamicClientRegistration.ts","statementMap":{"0":{"start":{"line":10,"column":41},"end":{"line":34,"column":1}},"1":{"start":{"line":15,"column":43},"end":{"line":22,"column":4}},"2":{"start":{"line":24,"column":2},"end":{"line":33,"column":4}},"3":{"start":{"line":36,"column":9},"end":{"line":36,"column":41}}},"fnMap":{"0":{"name":"(anonymous_0)","decl":{"start":{"line":10,"column":41},"end":{"line":10,"column":46}},"loc":{"start":{"line":13,"column":4},"end":{"line":34,"column":1}}}},"branchMap":{},"s":{"0":2,"1":6,"2":6,"3":2},"f":{"0":6},"b":{}}
,"/home/ik1533/code/solid-oidc-client-browser/src/core/RefreshTokenGrant.ts": {"path":"/home/ik1533/code/solid-oidc-client-browser/src/core/RefreshTokenGrant.ts","statementMap":{"0":{"start":{"line":1,"column":0},"end":{"line":1,"column":null}},"1":{"start":{"line":13,"column":20},"end":{"line":86,"column":1}},"2":{"start":{"line":15,"column":2},"end":{"line":85,"column":3}},"3":{"start":{"line":17,"column":4},"end":{"line":17,"column":33}},"4":{"start":{"line":18,"column":22},"end":{"line":18,"column":74}},"5":{"start":{"line":19,"column":27},"end":{"line":19,"column":84}},"6":{"start":{"line":20,"column":21},"end":{"line":20,"column":100}},"7":{"start":{"line":21,"column":26},"end":{"line":21,"column":82}},"8":{"start":{"line":23,"column":4},"end":{"line":26,"column":5}},"9":{"start":{"line":25,"column":6},"end":{"line":25,"column":82}},"10":{"start":{"line":29,"column":6},"end":{"line":40,"column":10}},"11":{"start":{"line":36,"column":10},"end":{"line":38,"column":11}},"12":{"start":{"line":37,"column":12},"end":{"line":37,"column":70}},"13":{"start":{"line":39,"column":10},"end":{"line":39,"column":33}},"14":{"start":{"line":43,"column":24},"end":{"line":43,"column":54}},"15":{"start":{"line":44,"column":16},"end":{"line":44,"column":62}},"16":{"start":{"line":45,"column":4},"end":{"line":49,"column":5}},"17":{"start":{"line":46,"column":6},"end":{"line":48,"column":8}},"18":{"start":{"line":50,"column":21},"end":{"line":50,"column":72}},"19":{"start":{"line":51,"column":4},"end":{"line":55,"column":5}},"20":{"start":{"line":52,"column":6},"end":{"line":54,"column":8}},"21":{"start":{"line":56,"column":17},"end":{"line":56,"column":54}},"22":{"start":{"line":57,"column":24},"end":{"line":61,"column":6}},"23":{"start":{"line":63,"column":27},"end":{"line":63,"column":92}},"24":{"start":{"line":64,"column":4},"end":{"line":68,"column":5}},"25":{"start":{"line":65,"column":6},"end":{"line":67,"column":8}},"26":{"start":{"line":70,"column":4},"end":{"line":74,"column":5}},"27":{"start":{"line":71,"column":6},"end":{"line":73,"column":8}},"28":{"start":{"line":77,"column":4},"end":{"line":77,"column":84}},"29":{"start":{"line":79,"column":4},"end":{"line":82,"column":22}},"30":{"start":{"line":84,"column":4},"end":{"line":84,"column":28}},"31":{"start":{"line":137,"column":9},"end":{"line":137,"column":20}},"32":{"start":{"line":98,"column":27},"end":{"line":135,"column":1}},"33":{"start":{"line":105,"column":25},"end":{"line":105,"column":60}},"34":{"start":{"line":106,"column":2},"end":{"line":106,"column":31}},"35":{"start":{"line":108,"column":15},"end":{"line":119,"column":30}},"36":{"start":{"line":121,"column":2},"end":{"line":134,"column":7}}},"fnMap":{"0":{"name":"(anonymous_0)","decl":{"start":{"line":13,"column":20},"end":{"line":13,"column":25}},"loc":{"start":{"line":13,"column":63},"end":{"line":86,"column":1}}},"1":{"name":"(anonymous_1)","decl":{"start":{"line":35,"column":14},"end":{"line":35,"column":15}},"loc":{"start":{"line":35,"column":27},"end":{"line":40,"column":9}}},"2":{"name":"(anonymous_2)","decl":{"start":{"line":98,"column":27},"end":{"line":98,"column":32}},"loc":{"start":{"line":103,"column":4},"end":{"line":135,"column":1}}}},"branchMap":{"0":{"loc":{"start":{"line":23,"column":4},"end":{"line":26,"column":5}},"type":"if","locations":[{"start":{"line":23,"column":4},"end":{"line":26,"column":5}}]},"1":{"loc":{"start":{"line":23,"column":8},"end":{"line":23,"column":100}},"type":"binary-expr","locations":[{"start":{"line":23,"column":8},"end":{"line":23,"column":26}},{"start":{"line":23,"column":30},"end":{"line":23,"column":53}},{"start":{"line":23,"column":57},"end":{"line":23,"column":74}},{"start":{"line":23,"column":78},"end":{"line":23,"column":100}}]},"2":{"loc":{"start":{"line":36,"column":10},"end":{"line":38,"column":11}},"type":"if","locations":[{"start":{"line":36,"column":10},"end":{"line":38,"column":11}}]},"3":{"loc":{"start":{"line":45,"column":4},"end":{"line":49,"column":5}},"type":"if","locations":[{"start":{"line":45,"column":4},"end":{"line":49,"column":5}}]},"4":{"loc":{"start":{"line":51,"column":4},"end":{"line":55,"column":5}},"type":"if","locations":[{"start":{"line":51,"column":4},"end":{"line":55,"column":5}}]},"5":{"loc":{"start":{"line":64,"column":4},"end":{"line":68,"column":5}},"type":"if","locations":[{"start":{"line":64,"column":4},"end":{"line":68,"column":5}}]},"6":{"loc":{"start":{"line":70,"column":4},"end":{"line":74,"column":5}},"type":"if","locations":[{"start":{"line":70,"column":4},"end":{"line":74,"column":5}}]}},"s":{"0":2,"1":2,"2":24,"3":24,"4":24,"5":24,"6":24,"7":24,"8":24,"9":5,"10":19,"11":19,"12":2,"13":17,"14":17,"15":17,"16":17,"17":1,"18":16,"19":16,"20":1,"21":15,"22":15,"23":13,"24":13,"25":1,"26":12,"27":1,"28":11,"29":10,"30":24,"31":2,"32":2,"33":19,"34":19,"35":19,"36":19},"f":{"0":24,"1":19,"2":19},"b":{"0":[5],"1":[24,23,22,21],"2":[2],"3":[1],"4":[1],"5":[1],"6":[1]}}
,"/home/ik1533/code/solid-oidc-client-browser/src/core/Session.ts": {"path":"/home/ik1533/code/solid-oidc-client-browser/src/core/Session.ts","statementMap":{"0":{"start":{"line":1,"column":0},"end":{"line":1,"column":53}},"1":{"start":{"line":2,"column":0},"end":{"line":2,"column":80}},"2":{"start":{"line":3,"column":0},"end":{"line":3,"column":50}},"3":{"start":{"line":70,"column":31},"end":{"line":70,"column":36}},"4":{"start":{"line":71,"column":28},"end":{"line":71,"column":37}},"5":{"start":{"line":72,"column":33},"end":{"line":72,"column":42}},"6":{"start":{"line":78,"column":4},"end":{"line":78,"column":63}},"7":{"start":{"line":79,"column":4},"end":{"line":79,"column":null}},"8":{"start":{"line":83,"column":4},"end":{"line":83,"column":null}},"9":{"start":{"line":94,"column":27},"end":{"line":94,"column":98}},"10":{"start":{"line":96,"column":4},"end":{"line":96,"column":45}},"11":{"start":{"line":96,"column":38},"end":{"line":96,"column":45}},"12":{"start":{"line":98,"column":4},"end":{"line":98,"column":38}},"13":{"start":{"line":99,"column":4},"end":{"line":99,"column":91}},"14":{"start":{"line":107,"column":4},"end":{"line":111,"column":5}},"15":{"start":{"line":108,"column":6},"end":{"line":110,"column":null}},"16":{"start":{"line":114,"column":4},"end":{"line":120,"column":23}},"17":{"start":{"line":117,"column":8},"end":{"line":117,"column":50}},"18":{"start":{"line":130,"column":4},"end":{"line":130,"column":27}},"19":{"start":{"line":131,"column":4},"end":{"line":131,"column":28}},"20":{"start":{"line":132,"column":4},"end":{"line":132,"column":33}},"21":{"start":{"line":133,"column":4},"end":{"line":133,"column":44}},"22":{"start":{"line":134,"column":4},"end":{"line":134,"column":46}},"23":{"start":{"line":137,"column":4},"end":{"line":141,"column":5}},"24":{"start":{"line":138,"column":6},"end":{"line":138,"column":33}},"25":{"start":{"line":139,"column":6},"end":{"line":139,"column":34}},"26":{"start":{"line":140,"column":6},"end":{"line":140,"column":28}},"27":{"start":{"line":159,"column":4},"end":{"line":168,"column":5}},"28":{"start":{"line":160,"column":6},"end":{"line":160,"column":31}},"29":{"start":{"line":161,"column":6},"end":{"line":161,"column":54}},"30":{"start":{"line":162,"column":6},"end":{"line":162,"column":43}},"31":{"start":{"line":164,"column":6},"end":{"line":164,"column":24}},"32":{"start":{"line":165,"column":6},"end":{"line":165,"column":38}},"33":{"start":{"line":166,"column":6},"end":{"line":166,"column":36}},"34":{"start":{"line":167,"column":6},"end":{"line":167,"column":73}},"35":{"start":{"line":171,"column":4},"end":{"line":179,"column":5}},"36":{"start":{"line":172,"column":6},"end":{"line":175,"column":8}},"37":{"start":{"line":176,"column":19},"end":{"line":176,"column":65}},"38":{"start":{"line":177,"column":6},"end":{"line":177,"column":32}},"39":{"start":{"line":178,"column":6},"end":{"line":178,"column":89}},"40":{"start":{"line":182,"column":4},"end":{"line":184,"column":5}},"41":{"start":{"line":183,"column":6},"end":{"line":183,"column":61}},"42":{"start":{"line":186,"column":4},"end":{"line":186,"column":44}},"43":{"start":{"line":203,"column":20},"end":{"line":203,"column":37}},"44":{"start":{"line":204,"column":17},"end":{"line":204,"column":44}},"45":{"start":{"line":206,"column":23},"end":{"line":206,"column":66}},"46":{"start":{"line":208,"column":22},"end":{"line":208,"column":60}},"47":{"start":{"line":209,"column":19},"end":{"line":209,"column":58}},"48":{"start":{"line":211,"column":22},"end":{"line":214,"column":25}},"49":{"start":{"line":215,"column":4},"end":{"line":215,"column":21}},"50":{"start":{"line":226,"column":4},"end":{"line":228,"column":5}},"51":{"start":{"line":227,"column":6},"end":{"line":227,"column":50}},"52":{"start":{"line":229,"column":4},"end":{"line":229,"column":35}},"53":{"start":{"line":230,"column":27},"end":{"line":231,"column":null}},"54":{"start":{"line":233,"column":4},"end":{"line":241,"column":68}},"55":{"start":{"line":246,"column":4},"end":{"line":249,"column":5}},"56":{"start":{"line":247,"column":6},"end":{"line":247,"column":20}},"57":{"start":{"line":248,"column":6},"end":{"line":248,"column":13}},"58":{"start":{"line":250,"column":4},"end":{"line":261,"column":5}},"59":{"start":{"line":251,"column":27},"end":{"line":251,"column":50}},"60":{"start":{"line":252,"column":20},"end":{"line":252,"column":60}},"61":{"start":{"line":253,"column":6},"end":{"line":255,"column":7}},"62":{"start":{"line":254,"column":8},"end":{"line":254,"column":63}},"63":{"start":{"line":256,"column":6},"end":{"line":256,"column":62}},"64":{"start":{"line":257,"column":6},"end":{"line":257,"column":26}},"65":{"start":{"line":258,"column":6},"end":{"line":258,"column":28}},"66":{"start":{"line":260,"column":6},"end":{"line":260,"column":20}},"67":{"start":{"line":270,"column":4},"end":{"line":270,"column":26}},"68":{"start":{"line":274,"column":4},"end":{"line":274,"column":23}},"69":{"start":{"line":278,"column":4},"end":{"line":278,"column":49}},"70":{"start":{"line":279,"column":4},"end":{"line":279,"column":null}},"71":{"start":{"line":283,"column":4},"end":{"line":283,"column":59}},"72":{"start":{"line":69,"column":0},"end":{"line":69,"column":13}}},"fnMap":{"0":{"name":"(anonymous_0)","decl":{"start":{"line":77,"column":2},"end":{"line":77,"column":14}},"loc":{"start":{"line":77,"column":127},"end":{"line":80,"column":3}}},"1":{"name":"(anonymous_1)","decl":{"start":{"line":82,"column":2},"end":{"line":82,"column":7}},"loc":{"start":{"line":82,"column":47},"end":{"line":84,"column":3}}},"2":{"name":"(anonymous_2)","decl":{"start":{"line":92,"column":2},"end":{"line":92,"column":7}},"loc":{"start":{"line":92,"column":31},"end":{"line":100,"column":3}}},"3":{"name":"(anonymous_3)","decl":{"start":{"line":106,"column":2},"end":{"line":106,"column":7}},"loc":{"start":{"line":106,"column":15},"end":{"line":121,"column":3}}},"4":{"name":"(anonymous_4)","decl":{"start":{"line":115,"column":12},"end":{"line":115,"column":24}},"loc":{"start":{"line":115,"column":27},"end":{"line":118,"column":7}}},"5":{"name":"(anonymous_5)","decl":{"start":{"line":120,"column":13},"end":{"line":120,"column":14}},"loc":{"start":{"line":120,"column":17},"end":{"line":120,"column":21}}},"6":{"name":"(anonymous_6)","decl":{"start":{"line":128,"column":2},"end":{"line":128,"column":7}},"loc":{"start":{"line":128,"column":14},"end":{"line":142,"column":3}}},"7":{"name":"(anonymous_7)","decl":{"start":{"line":153,"column":2},"end":{"line":153,"column":7}},"loc":{"start":{"line":153,"column":97},"end":{"line":187,"column":3}}},"8":{"name":"(anonymous_8)","decl":{"start":{"line":201,"column":10},"end":{"line":201,"column":15}},"loc":{"start":{"line":201,"column":47},"end":{"line":216,"column":3}}},"9":{"name":"(anonymous_9)","decl":{"start":{"line":225,"column":10},"end":{"line":225,"column":15}},"loc":{"start":{"line":225,"column":51},"end":{"line":242,"column":3}}},"10":{"name":"(anonymous_10)","decl":{"start":{"line":245,"column":10},"end":{"line":245,"column":15}},"loc":{"start":{"line":245,"column":68},"end":{"line":262,"column":3}}},"11":{"name":"(anonymous_11)","decl":{"start":{"line":269,"column":2},"end":{"line":269,"column":6}},"loc":{"start":{"line":269,"column":14},"end":{"line":271,"column":3}}},"12":{"name":"(anonymous_12)","decl":{"start":{"line":273,"column":2},"end":{"line":273,"column":6}},"loc":{"start":{"line":273,"column":11},"end":{"line":275,"column":3}}},"13":{"name":"(anonymous_13)","decl":{"start":{"line":277,"column":2},"end":{"line":277,"column":7}},"loc":{"start":{"line":277,"column":50},"end":{"line":280,"column":3}}},"14":{"name":"(anonymous_14)","decl":{"start":{"line":282,"column":2},"end":{"line":282,"column":14}},"loc":{"start":{"line":282,"column":14},"end":{"line":284,"column":3}}}},"branchMap":{"0":{"loc":{"start":{"line":96,"column":4},"end":{"line":96,"column":45}},"type":"if","locations":[{"start":{"line":96,"column":4},"end":{"line":96,"column":45}}]},"1":{"loc":{"start":{"line":107,"column":4},"end":{"line":111,"column":5}},"type":"if","locations":[{"start":{"line":107,"column":4},"end":{"line":111,"column":5}}]},"2":{"loc":{"start":{"line":137,"column":4},"end":{"line":141,"column":5}},"type":"if","locations":[{"start":{"line":137,"column":4},"end":{"line":141,"column":5}}]},"3":{"loc":{"start":{"line":159,"column":4},"end":{"line":168,"column":5}},"type":"if","locations":[{"start":{"line":159,"column":4},"end":{"line":168,"column":5}},{"start":{"line":163,"column":11},"end":{"line":168,"column":5}}]},"4":{"loc":{"start":{"line":161,"column":15},"end":{"line":161,"column":53}},"type":"binary-expr","locations":[{"start":{"line":161,"column":15},"end":{"line":161,"column":27}},{"start":{"line":161,"column":31},"end":{"line":161,"column":44}},{"start":{"line":161,"column":48},"end":{"line":161,"column":53}}]},"5":{"loc":{"start":{"line":164,"column":13},"end":{"line":164,"column":23}},"type":"binary-expr","locations":[{"start":{"line":164,"column":13},"end":{"line":164,"column":17}},{"start":{"line":164,"column":21},"end":{"line":164,"column":23}}]},"6":{"loc":{"start":{"line":166,"column":15},"end":{"line":166,"column":35}},"type":"binary-expr","locations":[{"start":{"line":166,"column":15},"end":{"line":166,"column":26}},{"start":{"line":166,"column":30},"end":{"line":166,"column":35}}]},"7":{"loc":{"start":{"line":167,"column":16},"end":{"line":167,"column":72}},"type":"cond-expr","locations":[{"start":{"line":167,"column":31},"end":{"line":167,"column":56}},{"start":{"line":167,"column":59},"end":{"line":167,"column":72}}]},"8":{"loc":{"start":{"line":171,"column":4},"end":{"line":179,"column":5}},"type":"if","locations":[{"start":{"line":171,"column":4},"end":{"line":179,"column":5}}]},"9":{"loc":{"start":{"line":172,"column":20},"end":{"line":175,"column":8}},"type":"binary-expr","locations":[{"start":{"line":172,"column":20},"end":{"line":172,"column":31}},{"start":{"line":172,"column":35},"end":{"line":175,"column":8}}]},"10":{"loc":{"start":{"line":182,"column":4},"end":{"line":184,"column":5}},"type":"if","locations":[{"start":{"line":182,"column":4},"end":{"line":184,"column":5}}]},"11":{"loc":{"start":{"line":226,"column":4},"end":{"line":228,"column":5}},"type":"if","locations":[{"start":{"line":226,"column":4},"end":{"line":228,"column":5}}]},"12":{"loc":{"start":{"line":226,"column":8},"end":{"line":226,"column":59}},"type":"binary-expr","locations":[{"start":{"line":226,"column":8},"end":{"line":226,"column":38}},{"start":{"line":226,"column":42},"end":{"line":226,"column":59}}]},"13":{"loc":{"start":{"line":246,"column":4},"end":{"line":249,"column":5}},"type":"if","locations":[{"start":{"line":246,"column":4},"end":{"line":249,"column":5}}]},"14":{"loc":{"start":{"line":253,"column":6},"end":{"line":255,"column":7}},"type":"if","locations":[{"start":{"line":253,"column":6},"end":{"line":255,"column":7}}]},"15":{"loc":{"start":{"line":283,"column":11},"end":{"line":283,"column":58}},"type":"binary-expr","locations":[{"start":{"line":283,"column":11},"end":{"line":283,"column":52}},{"start":{"line":283,"column":56},"end":{"line":283,"column":58}}]}},"s":{"0":1,"1":1,"2":1,"3":32,"4":32,"5":32,"6":32,"7":32,"8":1,"9":2,"10":2,"11":1,"12":1,"13":1,"14":3,"15":1,"16":2,"17":1,"18":5,"19":5,"20":5,"21":5,"22":5,"23":5,"24":4,"25":4,"26":4,"27":4,"28":1,"29":1,"30":1,"31":3,"32":3,"33":3,"34":3,"35":4,"36":3,"37":3,"38":3,"39":3,"40":4,"41":1,"42":3,"43":7,"44":7,"45":7,"46":7,"47":7,"48":7,"49":7,"50":3,"51":0,"52":3,"53":3,"54":3,"55":24,"56":2,"57":2,"58":22,"59":22,"60":22,"61":22,"62":1,"63":21,"64":21,"65":21,"66":1,"67":9,"68":9,"69":6,"70":6,"71":3,"72":1},"f":{"0":32,"1":1,"2":2,"3":3,"4":1,"5":1,"6":5,"7":4,"8":7,"9":3,"10":24,"11":9,"12":9,"13":6,"14":3},"b":{"0":[1],"1":[1],"2":[4],"3":[1,3],"4":[1,1,0],"5":[3,2],"6":[3,2],"7":[1,2],"8":[3],"9":[3,3],"10":[1],"11":[0],"12":[3,3],"13":[2],"14":[1],"15":[3,2]}}
,"/home/ik1533/code/solid-oidc-client-browser/src/web/RefreshWorker.ts": {"path":"/home/ik1533/code/solid-oidc-client-browser/src/web/RefreshWorker.ts","statementMap":{"0":{"start":{"line":5,"column":19},"end":{"line":5,"column":28}},"1":{"start":{"line":8,"column":23},"end":{"line":8,"column":28}},"2":{"start":{"line":11,"column":0},"end":{"line":42,"column":2}},"3":{"start":{"line":12,"column":17},"end":{"line":12,"column":31}},"4":{"start":{"line":14,"column":4},"end":{"line":14,"column":20}},"5":{"start":{"line":16,"column":4},"end":{"line":39,"column":6}},"6":{"start":{"line":17,"column":34},"end":{"line":17,"column":44}},"7":{"start":{"line":19,"column":8},"end":{"line":23,"column":9}},"8":{"start":{"line":20,"column":12},"end":{"line":20,"column":109}},"9":{"start":{"line":21,"column":12},"end":{"line":21,"column":46}},"10":{"start":{"line":22,"column":12},"end":{"line":22,"column":36}},"11":{"start":{"line":25,"column":8},"end":{"line":28,"column":9}},"12":{"start":{"line":26,"column":12},"end":{"line":26,"column":74}},"13":{"start":{"line":27,"column":12},"end":{"line":27,"column":29}},"14":{"start":{"line":31,"column":8},"end":{"line":38,"column":9}},"15":{"start":{"line":32,"column":12},"end":{"line":32,"column":31}},"16":{"start":{"line":34,"column":12},"end":{"line":37,"column":13}},"17":{"start":{"line":35,"column":16},"end":{"line":35,"column":80}},"18":{"start":{"line":36,"column":16},"end":{"line":36,"column":33}},"19":{"start":{"line":41,"column":4},"end":{"line":41,"column":17}},"20":{"start":{"line":45,"column":4},"end":{"line":45,"column":105}},"21":{"start":{"line":46,"column":4},"end":{"line":48,"column":5}},"22":{"start":{"line":47,"column":8},"end":{"line":47,"column":34}},"23":{"start":{"line":52,"column":21},"end":{"line":52,"column":37}},"24":{"start":{"line":53,"column":4},"end":{"line":65,"column":5}},"25":{"start":{"line":54,"column":29},"end":{"line":54,"column":56}},"26":{"start":{"line":57,"column":8},"end":{"line":57,"column":74}},"27":{"start":{"line":60,"column":8},"end":{"line":60,"column":112}},"28":{"start":{"line":61,"column":8},"end":{"line":61,"column":48}},"29":{"start":{"line":64,"column":8},"end":{"line":64,"column":72}},"30":{"start":{"line":69,"column":4},"end":{"line":69,"column":53}},"31":{"start":{"line":69,"column":24},"end":{"line":69,"column":53}},"32":{"start":{"line":70,"column":4},"end":{"line":70,"column":61}},"33":{"start":{"line":70,"column":28},"end":{"line":70,"column":61}},"34":{"start":{"line":71,"column":4},"end":{"line":71,"column":29}},"35":{"start":{"line":75,"column":4},"end":{"line":75,"column":21}},"36":{"start":{"line":76,"column":4},"end":{"line":76,"column":28}},"37":{"start":{"line":78,"column":24},"end":{"line":78,"column":40}},"38":{"start":{"line":81,"column":29},"end":{"line":81,"column":46}},"39":{"start":{"line":83,"column":4},"end":{"line":85,"column":5}},"40":{"start":{"line":84,"column":8},"end":{"line":84,"column":70}},"41":{"start":{"line":88,"column":27},"end":{"line":88,"column":35}},"42":{"start":{"line":89,"column":28},"end":{"line":89,"column":56}},"43":{"start":{"line":91,"column":4},"end":{"line":94,"column":24}},"44":{"start":{"line":93,"column":8},"end":{"line":93,"column":45}}},"fnMap":{"0":{"name":"(anonymous_0)","decl":{"start":{"line":11,"column":17},"end":{"line":11,"column":18}},"loc":{"start":{"line":11,"column":32},"end":{"line":42,"column":1}}},"1":{"name":"(anonymous_1)","decl":{"start":{"line":16,"column":21},"end":{"line":16,"column":22}},"loc":{"start":{"line":16,"column":36},"end":{"line":39,"column":5}}},"2":{"name":"broadcast","decl":{"start":{"line":44,"column":9},"end":{"line":44,"column":18}},"loc":{"start":{"line":44,"column":31},"end":{"line":49,"column":1}}},"3":{"name":"performRefresh","decl":{"start":{"line":51,"column":15},"end":{"line":51,"column":29}},"loc":{"start":{"line":51,"column":29},"end":{"line":66,"column":1}}},"4":{"name":"clearAllTimers","decl":{"start":{"line":68,"column":9},"end":{"line":68,"column":23}},"loc":{"start":{"line":68,"column":23},"end":{"line":72,"column":1}}},"5":{"name":"scheduleTimers","decl":{"start":{"line":74,"column":9},"end":{"line":74,"column":23}},"loc":{"start":{"line":74,"column":41},"end":{"line":95,"column":1}}},"6":{"name":"(anonymous_6)","decl":{"start":{"line":91,"column":36},"end":{"line":91,"column":39}},"loc":{"start":{"line":91,"column":41},"end":{"line":94,"column":5}}}},"branchMap":{"0":{"loc":{"start":{"line":19,"column":8},"end":{"line":23,"column":9}},"type":"if","locations":[{"start":{"line":19,"column":8},"end":{"line":23,"column":9}}]},"1":{"loc":{"start":{"line":19,"column":12},"end":{"line":19,"column":49}},"type":"binary-expr","locations":[{"start":{"line":19,"column":12},"end":{"line":19,"column":28}},{"start":{"line":19,"column":32},"end":{"line":19,"column":49}}]},"2":{"loc":{"start":{"line":25,"column":8},"end":{"line":28,"column":9}},"type":"if","locations":[{"start":{"line":25,"column":8},"end":{"line":28,"column":9}}]},"3":{"loc":{"start":{"line":31,"column":8},"end":{"line":38,"column":9}},"type":"if","locations":[{"start":{"line":31,"column":8},"end":{"line":38,"column":9}}]},"4":{"loc":{"start":{"line":34,"column":12},"end":{"line":37,"column":13}},"type":"if","locations":[{"start":{"line":34,"column":12},"end":{"line":37,"column":13}}]},"5":{"loc":{"start":{"line":69,"column":4},"end":{"line":69,"column":53}},"type":"if","locations":[{"start":{"line":69,"column":4},"end":{"line":69,"column":53}}]},"6":{"loc":{"start":{"line":70,"column":4},"end":{"line":70,"column":61}},"type":"if","locations":[{"start":{"line":70,"column":4},"end":{"line":70,"column":61}}]},"7":{"loc":{"start":{"line":83,"column":4},"end":{"line":85,"column":5}},"type":"if","locations":[{"start":{"line":83,"column":4},"end":{"line":85,"column":5}}]}},"s":{"0":0,"1":0,"2":0,"3":0,"4":0,"5":0,"6":0,"7":0,"8":0,"9":0,"10":0,"11":0,"12":0,"13":0,"14":0,"15":0,"16":0,"17":0,"18":0,"19":0,"20":0,"21":0,"22":0,"23":0,"24":0,"25":0,"26":0,"27":0,"28":0,"29":0,"30":0,"31":0,"32":0,"33":0,"34":0,"35":0,"36":0,"37":0,"38":0,"39":0,"40":0,"41":0,"42":0,"43":0,"44":0},"f":{"0":0,"1":0,"2":0,"3":0,"4":0,"5":0,"6":0},"b":{"0":[0],"1":[0,0],"2":[0],"3":[0],"4":[0],"5":[0],"6":[0],"7":[0]}}
,"/home/ik1533/code/solid-oidc-client-browser/src/web/Session.ts": {"path":"/home/ik1533/code/solid-oidc-client-browser/src/web/Session.ts","statementMap":{"0":{"start":{"line":26,"column":25},"end":{"line":26,"column":41}},"1":{"start":{"line":27,"column":24},"end":{"line":27,"column":55}},"2":{"start":{"line":28,"column":8},"end":{"line":28,"column":67}},"3":{"start":{"line":29,"column":8},"end":{"line":29,"column":85}},"4":{"start":{"line":30,"column":8},"end":{"line":30,"column":71}},"5":{"start":{"line":33,"column":26},"end":{"line":33,"column":101}},"6":{"start":{"line":34,"column":8},"end":{"line":34,"column":70}},"7":{"start":{"line":35,"column":8},"end":{"line":37,"column":10}},"8":{"start":{"line":36,"column":12},"end":{"line":36,"column":70}},"9":{"start":{"line":38,"column":8},"end":{"line":40,"column":11}},"10":{"start":{"line":39,"column":12},"end":{"line":39,"column":65}},"11":{"start":{"line":43,"column":34},"end":{"line":57,"column":5}},"12":{"start":{"line":44,"column":34},"end":{"line":44,"column":38}},"13":{"start":{"line":45,"column":8},"end":{"line":56,"column":9}},"14":{"start":{"line":47,"column":16},"end":{"line":47,"column":77}},"15":{"start":{"line":48,"column":16},"end":{"line":48,"column":22}},"16":{"start":{"line":50,"column":16},"end":{"line":50,"column":52}},"17":{"start":{"line":51,"column":16},"end":{"line":51,"column":22}},"18":{"start":{"line":53,"column":16},"end":{"line":53,"column":48}},"19":{"start":{"line":54,"column":16},"end":{"line":54,"column":45}},"20":{"start":{"line":55,"column":16},"end":{"line":55,"column":22}},"21":{"start":{"line":60,"column":8},"end":{"line":60,"column":57}},"22":{"start":{"line":64,"column":8},"end":{"line":64,"column":57}},"23":{"start":{"line":67,"column":8},"end":{"line":69,"column":9}},"24":{"start":{"line":68,"column":12},"end":{"line":68,"column":117}},"25":{"start":{"line":73,"column":8},"end":{"line":73,"column":41}},"26":{"start":{"line":75,"column":8},"end":{"line":77,"column":9}},"27":{"start":{"line":76,"column":12},"end":{"line":76,"column":117}},"28":{"start":{"line":82,"column":8},"end":{"line":82,"column":55}},"29":{"start":{"line":83,"column":8},"end":{"line":83,"column":40}},"30":{"start":{"line":87,"column":8},"end":{"line":87,"column":68}},"31":{"start":{"line":91,"column":8},"end":{"line":91,"column":41}},"32":{"start":{"line":95,"column":8},"end":{"line":95,"column":38}}},"fnMap":{"0":{"name":"(anonymous_0)","decl":{"start":{"line":22,"column":4},"end":{"line":22,"column":null}},"loc":{"start":{"line":24,"column":48},"end":{"line":41,"column":5}}},"1":{"name":"(anonymous_1)","decl":{"start":{"line":35,"column":37},"end":{"line":35,"column":38}},"loc":{"start":{"line":35,"column":47},"end":{"line":37,"column":9}}},"2":{"name":"(anonymous_2)","decl":{"start":{"line":38,"column":48},"end":{"line":38,"column":51}},"loc":{"start":{"line":38,"column":53},"end":{"line":40,"column":9}}},"3":{"name":"(anonymous_3)","decl":{"start":{"line":43,"column":34},"end":{"line":43,"column":39}},"loc":{"start":{"line":43,"column":54},"end":{"line":57,"column":5}}},"4":{"name":"(anonymous_4)","decl":{"start":{"line":59,"column":4},"end":{"line":59,"column":9}},"loc":{"start":{"line":59,"column":49},"end":{"line":61,"column":5}}},"5":{"name":"(anonymous_5)","decl":{"start":{"line":63,"column":4},"end":{"line":63,"column":9}},"loc":{"start":{"line":63,"column":33},"end":{"line":70,"column":5}}},"6":{"name":"(anonymous_6)","decl":{"start":{"line":72,"column":4},"end":{"line":72,"column":9}},"loc":{"start":{"line":72,"column":17},"end":{"line":78,"column":5}}},"7":{"name":"(anonymous_7)","decl":{"start":{"line":80,"column":4},"end":{"line":80,"column":9}},"loc":{"start":{"line":80,"column":16},"end":{"line":84,"column":5}}},"8":{"name":"(anonymous_8)","decl":{"start":{"line":86,"column":4},"end":{"line":86,"column":9}},"loc":{"start":{"line":86,"column":88},"end":{"line":88,"column":5}}},"9":{"name":"(anonymous_9)","decl":{"start":{"line":90,"column":4},"end":{"line":90,"column":8}},"loc":{"start":{"line":90,"column":16},"end":{"line":92,"column":5}}},"10":{"name":"(anonymous_10)","decl":{"start":{"line":94,"column":4},"end":{"line":94,"column":8}},"loc":{"start":{"line":94,"column":13},"end":{"line":96,"column":5}}}},"branchMap":{"0":{"loc":{"start":{"line":33,"column":26},"end":{"line":33,"column":101}},"type":"binary-expr","locations":[{"start":{"line":33,"column":26},"end":{"line":33,"column":51}},{"start":{"line":33,"column":55},"end":{"line":33,"column":101}}]},"1":{"loc":{"start":{"line":45,"column":8},"end":{"line":56,"column":9}},"type":"switch","locations":[{"start":{"line":46,"column":12},"end":{"line":48,"column":22}},{"start":{"line":49,"column":12},"end":{"line":51,"column":22}},{"start":{"line":52,"column":12},"end":{"line":55,"column":22}}]},"2":{"loc":{"start":{"line":67,"column":8},"end":{"line":69,"column":9}},"type":"if","locations":[{"start":{"line":67,"column":8},"end":{"line":69,"column":9}}]},"3":{"loc":{"start":{"line":75,"column":8},"end":{"line":77,"column":9}},"type":"if","locations":[{"start":{"line":75,"column":8},"end":{"line":77,"column":9}}]}},"s":{"0":0,"1":0,"2":0,"3":0,"4":0,"5":0,"6":0,"7":0,"8":0,"9":0,"10":0,"11":0,"12":0,"13":0,"14":0,"15":0,"16":0,"17":0,"18":0,"19":0,"20":0,"21":0,"22":0,"23":0,"24":0,"25":0,"26":0,"27":0,"28":0,"29":0,"30":0,"31":0,"32":0},"f":{"0":0,"1":0,"2":0,"3":0,"4":0,"5":0,"6":0,"7":0,"8":0,"9":0,"10":0},"b":{"0":[0,0],"1":[0,0,0],"2":[0],"3":[0]}}
,"/home/ik1533/code/solid-oidc-client-browser/src/web/SessionDatabase.ts": {"path":"/home/ik1533/code/solid-oidc-client-browser/src/web/SessionDatabase.ts","statementMap":{"0":{"start":{"line":9,"column":37},"end":{"line":9,"column":41}},"1":{"start":{"line":18,"column":8},"end":{"line":18,"column":29}},"2":{"start":{"line":19,"column":8},"end":{"line":19,"column":35}},"3":{"start":{"line":20,"column":8},"end":{"line":20,"column":35}},"4":{"start":{"line":28,"column":8},"end":{"line":48,"column":11}},"5":{"start":{"line":29,"column":28},"end":{"line":29,"column":71}},"6":{"start":{"line":31,"column":12},"end":{"line":33,"column":14}},"7":{"start":{"line":32,"column":16},"end":{"line":32,"column":91}},"8":{"start":{"line":35,"column":12},"end":{"line":38,"column":14}},"9":{"start":{"line":36,"column":16},"end":{"line":36,"column":68}},"10":{"start":{"line":37,"column":16},"end":{"line":37,"column":30}},"11":{"start":{"line":40,"column":12},"end":{"line":47,"column":14}},"12":{"start":{"line":41,"column":28},"end":{"line":41,"column":68}},"13":{"start":{"line":44,"column":16},"end":{"line":46,"column":17}},"14":{"start":{"line":45,"column":20},"end":{"line":45,"column":57}},"15":{"start":{"line":57,"column":8},"end":{"line":59,"column":9}},"16":{"start":{"line":58,"column":12},"end":{"line":58,"column":30}},"17":{"start":{"line":61,"column":8},"end":{"line":77,"column":11}},"18":{"start":{"line":62,"column":32},"end":{"line":62,"column":81}},"19":{"start":{"line":64,"column":12},"end":{"line":66,"column":14}},"20":{"start":{"line":65,"column":16},"end":{"line":65,"column":26}},"21":{"start":{"line":67,"column":12},"end":{"line":69,"column":14}},"22":{"start":{"line":68,"column":16},"end":{"line":68,"column":121}},"23":{"start":{"line":71,"column":12},"end":{"line":73,"column":14}},"24":{"start":{"line":72,"column":16},"end":{"line":72,"column":123}},"25":{"start":{"line":75,"column":26},"end":{"line":75,"column":65}},"26":{"start":{"line":76,"column":12},"end":{"line":76,"column":33}},"27":{"start":{"line":86,"column":8},"end":{"line":88,"column":9}},"28":{"start":{"line":87,"column":12},"end":{"line":87,"column":30}},"29":{"start":{"line":90,"column":8},"end":{"line":106,"column":11}},"30":{"start":{"line":91,"column":32},"end":{"line":91,"column":80}},"31":{"start":{"line":93,"column":12},"end":{"line":95,"column":14}},"32":{"start":{"line":94,"column":16},"end":{"line":94,"column":117}},"33":{"start":{"line":97,"column":12},"end":{"line":99,"column":14}},"34":{"start":{"line":98,"column":16},"end":{"line":98,"column":119}},"35":{"start":{"line":101,"column":26},"end":{"line":101,"column":65}},"36":{"start":{"line":102,"column":28},"end":{"line":102,"column":41}},"37":{"start":{"line":103,"column":12},"end":{"line":105,"column":14}},"38":{"start":{"line":104,"column":16},"end":{"line":104,"column":48}},"39":{"start":{"line":114,"column":8},"end":{"line":116,"column":9}},"40":{"start":{"line":115,"column":12},"end":{"line":115,"column":30}},"41":{"start":{"line":118,"column":8},"end":{"line":134,"column":11}},"42":{"start":{"line":119,"column":32},"end":{"line":119,"column":81}},"43":{"start":{"line":121,"column":12},"end":{"line":123,"column":14}},"44":{"start":{"line":122,"column":16},"end":{"line":122,"column":26}},"45":{"start":{"line":124,"column":12},"end":{"line":126,"column":14}},"46":{"start":{"line":125,"column":16},"end":{"line":125,"column":120}},"47":{"start":{"line":128,"column":12},"end":{"line":130,"column":14}},"48":{"start":{"line":129,"column":16},"end":{"line":129,"column":122}},"49":{"start":{"line":132,"column":26},"end":{"line":132,"column":65}},"50":{"start":{"line":133,"column":12},"end":{"line":133,"column":29}},"51":{"start":{"line":141,"column":8},"end":{"line":143,"column":9}},"52":{"start":{"line":142,"column":12},"end":{"line":142,"column":30}},"53":{"start":{"line":145,"column":8},"end":{"line":161,"column":11}},"54":{"start":{"line":146,"column":32},"end":{"line":146,"column":81}},"55":{"start":{"line":148,"column":12},"end":{"line":150,"column":14}},"56":{"start":{"line":149,"column":16},"end":{"line":149,"column":26}},"57":{"start":{"line":151,"column":12},"end":{"line":153,"column":14}},"58":{"start":{"line":152,"column":16},"end":{"line":152,"column":110}},"59":{"start":{"line":155,"column":12},"end":{"line":157,"column":14}},"60":{"start":{"line":156,"column":16},"end":{"line":156,"column":112}},"61":{"start":{"line":159,"column":26},"end":{"line":159,"column":65}},"62":{"start":{"line":160,"column":12},"end":{"line":160,"column":26}},"63":{"start":{"line":168,"column":8},"end":{"line":171,"column":9}},"64":{"start":{"line":169,"column":12},"end":{"line":169,"column":28}},"65":{"start":{"line":170,"column":12},"end":{"line":170,"column":27}}},"fnMap":{"0":{"name":"(anonymous_0)","decl":{"start":{"line":17,"column":4},"end":{"line":17,"column":16}},"loc":{"start":{"line":17,"column":94},"end":{"line":21,"column":5}}},"1":{"name":"(anonymous_1)","decl":{"start":{"line":27,"column":11},"end":{"line":27,"column":16}},"loc":{"start":{"line":27,"column":21},"end":{"line":49,"column":5}}},"2":{"name":"(anonymous_2)","decl":{"start":{"line":28,"column":27},"end":{"line":28,"column":28}},"loc":{"start":{"line":28,"column":47},"end":{"line":48,"column":9}}},"3":{"name":"(anonymous_3)","decl":{"start":{"line":31,"column":30},"end":{"line":31,"column":31}},"loc":{"start":{"line":31,"column":40},"end":{"line":33,"column":13}}},"4":{"name":"(anonymous_4)","decl":{"start":{"line":35,"column":32},"end":{"line":35,"column":33}},"loc":{"start":{"line":35,"column":42},"end":{"line":38,"column":13}}},"5":{"name":"(anonymous_5)","decl":{"start":{"line":40,"column":38},"end":{"line":40,"column":39}},"loc":{"start":{"line":40,"column":48},"end":{"line":47,"column":13}}},"6":{"name":"(anonymous_6)","decl":{"start":{"line":56,"column":11},"end":{"line":56,"column":16}},"loc":{"start":{"line":56,"column":47},"end":{"line":78,"column":5}}},"7":{"name":"(anonymous_7)","decl":{"start":{"line":61,"column":27},"end":{"line":61,"column":28}},"loc":{"start":{"line":61,"column":47},"end":{"line":77,"column":9}}},"8":{"name":"(anonymous_8)","decl":{"start":{"line":64,"column":37},"end":{"line":64,"column":40}},"loc":{"start":{"line":64,"column":42},"end":{"line":66,"column":13}}},"9":{"name":"(anonymous_9)","decl":{"start":{"line":67,"column":34},"end":{"line":67,"column":35}},"loc":{"start":{"line":67,"column":44},"end":{"line":69,"column":13}}},"10":{"name":"(anonymous_10)","decl":{"start":{"line":71,"column":34},"end":{"line":71,"column":35}},"loc":{"start":{"line":71,"column":44},"end":{"line":73,"column":13}}},"11":{"name":"(anonymous_11)","decl":{"start":{"line":85,"column":11},"end":{"line":85,"column":16}},"loc":{"start":{"line":85,"column":35},"end":{"line":107,"column":5}}},"12":{"name":"(anonymous_12)","decl":{"start":{"line":90,"column":27},"end":{"line":90,"column":28}},"loc":{"start":{"line":90,"column":47},"end":{"line":106,"column":9}}},"13":{"name":"(anonymous_13)","decl":{"start":{"line":93,"column":34},"end":{"line":93,"column":35}},"loc":{"start":{"line":93,"column":44},"end":{"line":95,"column":13}}},"14":{"name":"(anonymous_14)","decl":{"start":{"line":97,"column":34},"end":{"line":97,"column":35}},"loc":{"start":{"line":97,"column":44},"end":{"line":99,"column":13}}},"15":{"name":"(anonymous_15)","decl":{"start":{"line":103,"column":32},"end":{"line":103,"column":35}},"loc":{"start":{"line":103,"column":37},"end":{"line":105,"column":13}}},"16":{"name":"(anonymous_16)","decl":{"start":{"line":113,"column":11},"end":{"line":113,"column":16}},"loc":{"start":{"line":113,"column":38},"end":{"line":135,"column":5}}},"17":{"name":"(anonymous_17)","decl":{"start":{"line":118,"column":27},"end":{"line":118,"column":28}},"loc":{"start":{"line":118,"column":47},"end":{"line":134,"column":9}}},"18":{"name":"(anonymous_18)","decl":{"start":{"line":121,"column":37},"end":{"line":121,"column":40}},"loc":{"start":{"line":121,"column":42},"end":{"line":123,"column":13}}},"19":{"name":"(anonymous_19)","decl":{"start":{"line":124,"column":34},"end":{"line":124,"column":35}},"loc":{"start":{"line":124,"column":44},"end":{"line":126,"column":13}}},"20":{"name":"(anonymous_20)","decl":{"start":{"line":128,"column":34},"end":{"line":128,"column":35}},"loc":{"start":{"line":128,"column":44},"end":{"line":130,"column":13}}},"21":{"name":"(anonymous_21)","decl":{"start":{"line":140,"column":11},"end":{"line":140,"column":16}},"loc":{"start":{"line":140,"column":22},"end":{"line":162,"column":5}}},"22":{"name":"(anonymous_22)","decl":{"start":{"line":145,"column":27},"end":{"line":145,"column":28}},"loc":{"start":{"line":145,"column":47},"end":{"line":161,"column":9}}},"23":{"name":"(anonymous_23)","decl":{"start":{"line":148,"column":37},"end":{"line":148,"column":40}},"loc":{"start":{"line":148,"column":42},"end":{"line":150,"column":13}}},"24":{"name":"(anonymous_24)","decl":{"start":{"line":151,"column":34},"end":{"line":151,"column":35}},"loc":{"start":{"line":151,"column":44},"end":{"line":153,"column":13}}},"25":{"name":"(anonymous_25)","decl":{"start":{"line":155,"column":34},"end":{"line":155,"column":35}},"loc":{"start":{"line":155,"column":44},"end":{"line":157,"column":13}}},"26":{"name":"(anonymous_26)","decl":{"start":{"line":167,"column":11},"end":{"line":167,"column":16}},"loc":{"start":{"line":167,"column":16},"end":{"line":172,"column":5}}}},"branchMap":{"0":{"loc":{"start":{"line":17,"column":16},"end":{"line":17,"column":40}},"type":"default-arg","locations":[{"start":{"line":17,"column":33},"end":{"line":17,"column":40}}]},"1":{"loc":{"start":{"line":17,"column":42},"end":{"line":17,"column":71}},"type":"default-arg","locations":[{"start":{"line":17,"column":62},"end":{"line":17,"column":71}}]},"2":{"loc":{"start":{"line":17,"column":73},"end":{"line":17,"column":94}},"type":"default-arg","locations":[{"start":{"line":17,"column":93},"end":{"line":17,"column":94}}]},"3":{"loc":{"start":{"line":44,"column":16},"end":{"line":46,"column":17}},"type":"if","locations":[{"start":{"line":44,"column":16},"end":{"line":46,"column":17}}]},"4":{"loc":{"start":{"line":57,"column":8},"end":{"line":59,"column":9}},"type":"if","locations":[{"start":{"line":57,"column":8},"end":{"line":59,"column":9}}]},"5":{"loc":{"start":{"line":86,"column":8},"end":{"line":88,"column":9}},"type":"if","locations":[{"start":{"line":86,"column":8},"end":{"line":88,"column":9}}]},"6":{"loc":{"start":{"line":104,"column":24},"end":{"line":104,"column":46}},"type":"binary-expr","locations":[{"start":{"line":104,"column":24},"end":{"line":104,"column":38}},{"start":{"line":104,"column":42},"end":{"line":104,"column":46}}]},"7":{"loc":{"start":{"line":114,"column":8},"end":{"line":116,"column":9}},"type":"if","locations":[{"start":{"line":114,"column":8},"end":{"line":116,"column":9}}]},"8":{"loc":{"start":{"line":141,"column":8},"end":{"line":143,"column":9}},"type":"if","locations":[{"start":{"line":141,"column":8},"end":{"line":143,"column":9}}]},"9":{"loc":{"start":{"line":168,"column":8},"end":{"line":171,"column":9}},"type":"if","locations":[{"start":{"line":168,"column":8},"end":{"line":171,"column":9}}]}},"s":{"0":0,"1":0,"2":0,"3":0,"4":0,"5":0,"6":0,"7":0,"8":0,"9":0,"10":0,"11":0,"12":0,"13":0,"14":0,"15":0,"16":0,"17":0,"18":0,"19":0,"20":0,"21":0,"22":0,"23":0,"24":0,"25":0,"26":0,"27":0,"28":0,"29":0,"30":0,"31":0,"32":0,"33":0,"34":0,"35":0,"36":0,"37":0,"38":0,"39":0,"40":0,"41":0,"42":0,"43":0,"44":0,"45":0,"46":0,"47":0,"48":0,"49":0,"50":0,"51":0,"52":0,"53":0,"54":0,"55":0,"56":0,"57":0,"58":0,"59":0,"60":0,"61":0,"62":0,"63":0,"64":0,"65":0},"f":{"0":0,"1":0,"2":0,"3":0,"4":0,"5":0,"6":0,"7":0,"8":0,"9":0,"10":0,"11":0,"12":0,"13":0,"14":0,"15":0,"16":0,"17":0,"18":0,"19":0,"20":0,"21":0,"22":0,"23":0,"24":0,"25":0,"26":0},"b":{"0":[0],"1":[0],"2":[0],"3":[0],"4":[0],"5":[0],"6":[0,0],"7":[0],"8":[0],"9":[0]}}
}
