{"/home/ik1533/code/solid-oidc-client-browser/src/core/AuthorizationCodeGrant.ts": {"path":"/home/ik1533/code/solid-oidc-client-browser/src/core/AuthorizationCodeGrant.ts","statementMap":{"0":{"start":{"line":1,"column":0},"end":{"line":1,"column":146}},"1":{"start":{"line":2,"column":0},"end":{"line":2,"column":79}},"2":{"start":{"line":12,"column":25},"end":{"line":93,"column":1}},"3":{"start":{"line":14,"column":24},"end":{"line":14,"column":45}},"4":{"start":{"line":15,"column":28},"end":{"line":15,"column":96}},"5":{"start":{"line":17,"column":21},"end":{"line":17,"column":40}},"6":{"start":{"line":19,"column":4},"end":{"line":25,"column":8}},"7":{"start":{"line":21,"column":8},"end":{"line":23,"column":9}},"8":{"start":{"line":22,"column":10},"end":{"line":22,"column":68}},"9":{"start":{"line":24,"column":8},"end":{"line":24,"column":31}},"10":{"start":{"line":27,"column":17},"end":{"line":27,"column":47}},"11":{"start":{"line":28,"column":30},"end":{"line":28,"column":91}},"12":{"start":{"line":28,"column":48},"end":{"line":28,"column":90}},"13":{"start":{"line":29,"column":2},"end":{"line":33,"column":3}},"14":{"start":{"line":30,"column":4},"end":{"line":32,"column":6}},"15":{"start":{"line":34,"column":2},"end":{"line":34,"column":40}},"16":{"start":{"line":36,"column":2},"end":{"line":39,"column":4}},"17":{"start":{"line":41,"column":2},"end":{"line":44,"column":4}},"18":{"start":{"line":46,"column":18},"end":{"line":46,"column":43}},"19":{"start":{"line":48,"column":2},"end":{"line":64,"column":3}},"20":{"start":{"line":50,"column":34},"end":{"line":50,"column":79}},"21":{"start":{"line":53,"column":6},"end":{"line":62,"column":10}},"22":{"start":{"line":58,"column":10},"end":{"line":60,"column":11}},"23":{"start":{"line":59,"column":12},"end":{"line":59,"column":70}},"24":{"start":{"line":61,"column":10},"end":{"line":61,"column":33}},"25":{"start":{"line":63,"column":4},"end":{"line":63,"column":59}},"26":{"start":{"line":66,"column":2},"end":{"line":70,"column":3}},"27":{"start":{"line":67,"column":4},"end":{"line":67,"column":null}},"28":{"start":{"line":69,"column":4},"end":{"line":69,"column":51}},"29":{"start":{"line":73,"column":54},"end":{"line":73,"column":73}},"30":{"start":{"line":74,"column":2},"end":{"line":74,"column":67}},"31":{"start":{"line":77,"column":21},"end":{"line":77,"column":47}},"32":{"start":{"line":78,"column":2},"end":{"line":78,"column":51}},"33":{"start":{"line":82,"column":4},"end":{"line":90,"column":21}},"34":{"start":{"line":92,"column":2},"end":{"line":92,"column":41}},"35":{"start":{"line":306,"column":9},"end":{"line":306,"column":25}},"36":{"start":{"line":99,"column":20},"end":{"line":115,"column":1}},"37":{"start":{"line":102,"column":4},"end":{"line":102,"column":65}},"38":{"start":{"line":104,"column":17},"end":{"line":108,"column":null}},"39":{"start":{"line":110,"column":30},"end":{"line":113,"column":23}},"40":{"start":{"line":114,"column":2},"end":{"line":114,"column":53}},"41":{"start":{"line":122,"column":27},"end":{"line":250,"column":1}},"42":{"start":{"line":123,"column":14},"end":{"line":123,"column":43}},"43":{"start":{"line":125,"column":29},"end":{"line":125,"column":57}},"44":{"start":{"line":127,"column":2},"end":{"line":129,"column":3}},"45":{"start":{"line":128,"column":4},"end":{"line":128,"column":67}},"46":{"start":{"line":131,"column":14},"end":{"line":131,"column":43}},"47":{"start":{"line":132,"column":2},"end":{"line":136,"column":3}},"48":{"start":{"line":133,"column":4},"end":{"line":135,"column":6}},"49":{"start":{"line":138,"column":2},"end":{"line":142,"column":3}},"50":{"start":{"line":139,"column":4},"end":{"line":141,"column":6}},"51":{"start":{"line":144,"column":2},"end":{"line":144,"column":33}},"52":{"start":{"line":145,"column":2},"end":{"line":145,"column":35}},"53":{"start":{"line":146,"column":2},"end":{"line":146,"column":34}},"54":{"start":{"line":147,"column":2},"end":{"line":147,"column":63}},"55":{"start":{"line":150,"column":29},"end":{"line":150,"column":73}},"56":{"start":{"line":151,"column":2},"end":{"line":155,"column":3}},"57":{"start":{"line":152,"column":4},"end":{"line":154,"column":6}},"58":{"start":{"line":156,"column":20},"end":{"line":156,"column":84}},"59":{"start":{"line":157,"column":2},"end":{"line":161,"column":3}},"60":{"start":{"line":158,"column":4},"end":{"line":160,"column":6}},"61":{"start":{"line":162,"column":25},"end":{"line":162,"column":65}},"62":{"start":{"line":163,"column":2},"end":{"line":167,"column":3}},"63":{"start":{"line":164,"column":4},"end":{"line":166,"column":6}},"64":{"start":{"line":170,"column":19},"end":{"line":170,"column":49}},"65":{"start":{"line":173,"column":4},"end":{"line":186,"column":8}},"66":{"start":{"line":182,"column":8},"end":{"line":184,"column":9}},"67":{"start":{"line":183,"column":10},"end":{"line":183,"column":68}},"68":{"start":{"line":185,"column":8},"end":{"line":185,"column":31}},"69":{"start":{"line":189,"column":22},"end":{"line":189,"column":52}},"70":{"start":{"line":190,"column":19},"end":{"line":190,"column":53}},"71":{"start":{"line":191,"column":2},"end":{"line":195,"column":3}},"72":{"start":{"line":192,"column":4},"end":{"line":194,"column":6}},"73":{"start":{"line":196,"column":15},"end":{"line":196,"column":52}},"74":{"start":{"line":197,"column":22},"end":{"line":201,"column":4}},"75":{"start":{"line":203,"column":25},"end":{"line":203,"column":90}},"76":{"start":{"line":204,"column":2},"end":{"line":208,"column":3}},"77":{"start":{"line":205,"column":4},"end":{"line":207,"column":6}},"78":{"start":{"line":210,"column":2},"end":{"line":214,"column":3}},"79":{"start":{"line":211,"column":4},"end":{"line":213,"column":6}},"80":{"start":{"line":217,"column":24},"end":{"line":217,"column":86}},"81":{"start":{"line":218,"column":22},"end":{"line":218,"column":82}},"82":{"start":{"line":219,"column":2},"end":{"line":219,"column":76}},"83":{"start":{"line":219,"column":23},"end":{"line":219,"column":76}},"84":{"start":{"line":220,"column":2},"end":{"line":220,"column":39}},"85":{"start":{"line":223,"column":2},"end":{"line":234,"column":3}},"86":{"start":{"line":224,"column":4},"end":{"line":224,"column":26}},"87":{"start":{"line":225,"column":4},"end":{"line":232,"column":7}},"88":{"start":{"line":233,"column":4},"end":{"line":233,"column":21}},"89":{"start":{"line":237,"column":2},"end":{"line":237,"column":42}},"90":{"start":{"line":238,"column":2},"end":{"line":238,"column":50}},"91":{"start":{"line":239,"column":2},"end":{"line":239,"column":35}},"92":{"start":{"line":240,"column":2},"end":{"line":240,"column":40}},"93":{"start":{"line":241,"column":2},"end":{"line":241,"column":46}},"94":{"start":{"line":242,"column":2},"end":{"line":242,"column":41}},"95":{"start":{"line":245,"column":2},"end":{"line":249,"column":null}},"96":{"start":{"line":306,"column":27},"end":{"line":306,"column":45}},"97":{"start":{"line":263,"column":27},"end":{"line":304,"column":1}},"98":{"start":{"line":272,"column":25},"end":{"line":272,"column":60}},"99":{"start":{"line":273,"column":2},"end":{"line":273,"column":31}},"100":{"start":{"line":275,"column":15},"end":{"line":286,"column":30}},"101":{"start":{"line":288,"column":2},"end":{"line":303,"column":7}}},"fnMap":{"0":{"name":"(anonymous_0)","decl":{"start":{"line":12,"column":25},"end":{"line":12,"column":30}},"loc":{"start":{"line":12,"column":101},"end":{"line":93,"column":1}}},"1":{"name":"(anonymous_1)","decl":{"start":{"line":20,"column":12},"end":{"line":20,"column":13}},"loc":{"start":{"line":20,"column":25},"end":{"line":25,"column":7}}},"2":{"name":"(anonymous_2)","decl":{"start":{"line":28,"column":30},"end":{"line":28,"column":31}},"loc":{"start":{"line":28,"column":48},"end":{"line":28,"column":90}}},"3":{"name":"(anonymous_3)","decl":{"start":{"line":57,"column":14},"end":{"line":57,"column":15}},"loc":{"start":{"line":57,"column":27},"end":{"line":62,"column":9}}},"4":{"name":"(anonymous_4)","decl":{"start":{"line":99,"column":20},"end":{"line":99,"column":25}},"loc":{"start":{"line":99,"column":31},"end":{"line":115,"column":1}}},"5":{"name":"(anonymous_5)","decl":{"start":{"line":122,"column":27},"end":{"line":122,"column":32}},"loc":{"start":{"line":122,"column":96},"end":{"line":250,"column":1}}},"6":{"name":"(anonymous_6)","decl":{"start":{"line":181,"column":12},"end":{"line":181,"column":13}},"loc":{"start":{"line":181,"column":25},"end":{"line":186,"column":7}}},"7":{"name":"(anonymous_7)","decl":{"start":{"line":263,"column":27},"end":{"line":263,"column":32}},"loc":{"start":{"line":270,"column":4},"end":{"line":304,"column":1}}}},"branchMap":{"0":{"loc":{"start":{"line":21,"column":8},"end":{"line":23,"column":9}},"type":"if","locations":[{"start":{"line":21,"column":8},"end":{"line":23,"column":9}}]},"1":{"loc":{"start":{"line":28,"column":48},"end":{"line":28,"column":90}},"type":"cond-expr","locations":[{"start":{"line":28,"column":68},"end":{"line":28,"column":84}},{"start":{"line":28,"column":87},"end":{"line":28,"column":90}}]},"2":{"loc":{"start":{"line":29,"column":2},"end":{"line":33,"column":3}},"type":"if","locations":[{"start":{"line":29,"column":2},"end":{"line":33,"column":3}}]},"3":{"loc":{"start":{"line":48,"column":2},"end":{"line":64,"column":3}},"type":"if","locations":[{"start":{"line":48,"column":2},"end":{"line":64,"column":3}}]},"4":{"loc":{"start":{"line":55,"column":8},"end":{"line":55,"column":100}},"type":"binary-expr","locations":[{"start":{"line":55,"column":8},"end":{"line":55,"column":58}},{"start":{"line":55,"column":62},"end":{"line":55,"column":100}}]},"5":{"loc":{"start":{"line":58,"column":10},"end":{"line":60,"column":11}},"type":"if","locations":[{"start":{"line":58,"column":10},"end":{"line":60,"column":11}}]},"6":{"loc":{"start":{"line":127,"column":2},"end":{"line":129,"column":3}},"type":"if","locations":[{"start":{"line":127,"column":2},"end":{"line":129,"column":3}}]},"7":{"loc":{"start":{"line":132,"column":2},"end":{"line":136,"column":3}},"type":"if","locations":[{"start":{"line":132,"column":2},"end":{"line":136,"column":3}}]},"8":{"loc":{"start":{"line":132,"column":6},"end":{"line":132,"column":57}},"type":"binary-expr","locations":[{"start":{"line":132,"column":6},"end":{"line":132,"column":18}},{"start":{"line":132,"column":22},"end":{"line":132,"column":57}}]},"9":{"loc":{"start":{"line":138,"column":2},"end":{"line":142,"column":3}},"type":"if","locations":[{"start":{"line":138,"column":2},"end":{"line":142,"column":3}}]},"10":{"loc":{"start":{"line":151,"column":2},"end":{"line":155,"column":3}},"type":"if","locations":[{"start":{"line":151,"column":2},"end":{"line":155,"column":3}}]},"11":{"loc":{"start":{"line":156,"column":20},"end":{"line":156,"column":84}},"type":"binary-expr","locations":[{"start":{"line":156,"column":20},"end":{"line":156,"column":45}},{"start":{"line":156,"column":49},"end":{"line":156,"column":84}}]},"12":{"loc":{"start":{"line":157,"column":2},"end":{"line":161,"column":3}},"type":"if","locations":[{"start":{"line":157,"column":2},"end":{"line":161,"column":3}}]},"13":{"loc":{"start":{"line":163,"column":2},"end":{"line":167,"column":3}},"type":"if","locations":[{"start":{"line":163,"column":2},"end":{"line":167,"column":3}}]},"14":{"loc":{"start":{"line":182,"column":8},"end":{"line":184,"column":9}},"type":"if","locations":[{"start":{"line":182,"column":8},"end":{"line":184,"column":9}}]},"15":{"loc":{"start":{"line":191,"column":2},"end":{"line":195,"column":3}},"type":"if","locations":[{"start":{"line":191,"column":2},"end":{"line":195,"column":3}}]},"16":{"loc":{"start":{"line":204,"column":2},"end":{"line":208,"column":3}},"type":"if","locations":[{"start":{"line":204,"column":2},"end":{"line":208,"column":3}}]},"17":{"loc":{"start":{"line":210,"column":2},"end":{"line":214,"column":3}},"type":"if","locations":[{"start":{"line":210,"column":2},"end":{"line":214,"column":3}}]},"18":{"loc":{"start":{"line":219,"column":2},"end":{"line":219,"column":76}},"type":"if","locations":[{"start":{"line":219,"column":2},"end":{"line":219,"column":76}}]},"19":{"loc":{"start":{"line":223,"column":2},"end":{"line":234,"column":3}},"type":"if","locations":[{"start":{"line":223,"column":2},"end":{"line":234,"column":3}}]}},"s":{"0":2,"1":2,"2":2,"3":11,"4":11,"5":11,"6":11,"7":11,"8":1,"9":10,"10":10,"11":10,"12":20,"13":10,"14":1,"15":9,"16":9,"17":9,"18":9,"19":9,"20":2,"21":2,"22":2,"23":1,"24":1,"25":1,"26":8,"27":8,"28":8,"29":8,"30":8,"31":8,"32":8,"33":8,"34":8,"35":2,"36":2,"37":8,"38":8,"39":8,"40":8,"41":2,"42":15,"43":15,"44":15,"45":1,"46":14,"47":14,"48":1,"49":13,"50":1,"51":12,"52":12,"53":12,"54":12,"55":12,"56":12,"57":1,"58":11,"59":11,"60":1,"61":10,"62":10,"63":1,"64":9,"65":9,"66":9,"67":1,"68":8,"69":8,"70":8,"71":8,"72":1,"73":7,"74":7,"75":6,"76":6,"77":1,"78":5,"79":1,"80":4,"81":4,"82":4,"83":1,"84":4,"85":4,"86":1,"87":1,"88":1,"89":4,"90":4,"91":4,"92":4,"93":4,"94":4,"95":4,"96":2,"97":2,"98":9,"99":9,"100":9,"101":9},"f":{"0":11,"1":11,"2":20,"3":2,"4":8,"5":15,"6":9,"7":9},"b":{"0":[1],"1":[16,4],"2":[1],"3":[2],"4":[2,2],"5":[1],"6":[1],"7":[1],"8":[14,14],"9":[1],"10":[1],"11":[11,2],"12":[1],"13":[1],"14":[1],"15":[1],"16":[1],"17":[1],"18":[1],"19":[1]}}
,"/home/ik1533/code/solid-oidc-client-browser/src/core/DynamicClientRegistration.ts": {"path":"/home/ik1533/code/solid-oidc-client-browser/src/core/DynamicClientRegistration.ts","statementMap":{"0":{"start":{"line":10,"column":41},"end":{"line":34,"column":1}},"1":{"start":{"line":15,"column":43},"end":{"line":22,"column":4}},"2":{"start":{"line":24,"column":2},"end":{"line":33,"column":4}},"3":{"start":{"line":36,"column":9},"end":{"line":36,"column":41}}},"fnMap":{"0":{"name":"(anonymous_0)","decl":{"start":{"line":10,"column":41},"end":{"line":10,"column":46}},"loc":{"start":{"line":13,"column":4},"end":{"line":34,"column":1}}}},"branchMap":{},"s":{"0":2,"1":6,"2":6,"3":2},"f":{"0":6},"b":{}}
,"/home/ik1533/code/solid-oidc-client-browser/src/core/RefreshTokenGrant.ts": {"path":"/home/ik1533/code/solid-oidc-client-browser/src/core/RefreshTokenGrant.ts","statementMap":{"0":{"start":{"line":1,"column":0},"end":{"line":1,"column":null}},"1":{"start":{"line":13,"column":20},"end":{"line":86,"column":1}},"2":{"start":{"line":15,"column":2},"end":{"line":85,"column":3}},"3":{"start":{"line":17,"column":4},"end":{"line":17,"column":33}},"4":{"start":{"line":18,"column":22},"end":{"line":18,"column":74}},"5":{"start":{"line":19,"column":27},"end":{"line":19,"column":84}},"6":{"start":{"line":20,"column":21},"end":{"line":20,"column":100}},"7":{"start":{"line":21,"column":26},"end":{"line":21,"column":82}},"8":{"start":{"line":23,"column":4},"end":{"line":26,"column":5}},"9":{"start":{"line":25,"column":6},"end":{"line":25,"column":82}},"10":{"start":{"line":29,"column":6},"end":{"line":40,"column":10}},"11":{"start":{"line":36,"column":10},"end":{"line":38,"column":11}},"12":{"start":{"line":37,"column":12},"end":{"line":37,"column":70}},"13":{"start":{"line":39,"column":10},"end":{"line":39,"column":33}},"14":{"start":{"line":43,"column":24},"end":{"line":43,"column":54}},"15":{"start":{"line":44,"column":16},"end":{"line":44,"column":62}},"16":{"start":{"line":45,"column":4},"end":{"line":49,"column":5}},"17":{"start":{"line":46,"column":6},"end":{"line":48,"column":8}},"18":{"start":{"line":50,"column":21},"end":{"line":50,"column":72}},"19":{"start":{"line":51,"column":4},"end":{"line":55,"column":5}},"20":{"start":{"line":52,"column":6},"end":{"line":54,"column":8}},"21":{"start":{"line":56,"column":17},"end":{"line":56,"column":54}},"22":{"start":{"line":57,"column":24},"end":{"line":61,"column":6}},"23":{"start":{"line":63,"column":27},"end":{"line":63,"column":92}},"24":{"start":{"line":64,"column":4},"end":{"line":68,"column":5}},"25":{"start":{"line":65,"column":6},"end":{"line":67,"column":8}},"26":{"start":{"line":70,"column":4},"end":{"line":74,"column":5}},"27":{"start":{"line":71,"column":6},"end":{"line":73,"column":8}},"28":{"start":{"line":77,"column":4},"end":{"line":77,"column":84}},"29":{"start":{"line":79,"column":4},"end":{"line":82,"column":22}},"30":{"start":{"line":84,"column":4},"end":{"line":84,"column":28}},"31":{"start":{"line":137,"column":9},"end":{"line":137,"column":20}},"32":{"start":{"line":98,"column":27},"end":{"line":135,"column":1}},"33":{"start":{"line":105,"column":25},"end":{"line":105,"column":60}},"34":{"start":{"line":106,"column":2},"end":{"line":106,"column":31}},"35":{"start":{"line":108,"column":15},"end":{"line":119,"column":30}},"36":{"start":{"line":121,"column":2},"end":{"line":134,"column":7}}},"fnMap":{"0":{"name":"(anonymous_0)","decl":{"start":{"line":13,"column":20},"end":{"line":13,"column":25}},"loc":{"start":{"line":13,"column":63},"end":{"line":86,"column":1}}},"1":{"name":"(anonymous_1)","decl":{"start":{"line":35,"column":14},"end":{"line":35,"column":15}},"loc":{"start":{"line":35,"column":27},"end":{"line":40,"column":9}}},"2":{"name":"(anonymous_2)","decl":{"start":{"line":98,"column":27},"end":{"line":98,"column":32}},"loc":{"start":{"line":103,"column":4},"end":{"line":135,"column":1}}}},"branchMap":{"0":{"loc":{"start":{"line":23,"column":4},"end":{"line":26,"column":5}},"type":"if","locations":[{"start":{"line":23,"column":4},"end":{"line":26,"column":5}}]},"1":{"loc":{"start":{"line":23,"column":8},"end":{"line":23,"column":100}},"type":"binary-expr","locations":[{"start":{"line":23,"column":8},"end":{"line":23,"column":26}},{"start":{"line":23,"column":30},"end":{"line":23,"column":53}},{"start":{"line":23,"column":57},"end":{"line":23,"column":74}},{"start":{"line":23,"column":78},"end":{"line":23,"column":100}}]},"2":{"loc":{"start":{"line":36,"column":10},"end":{"line":38,"column":11}},"type":"if","locations":[{"start":{"line":36,"column":10},"end":{"line":38,"column":11}}]},"3":{"loc":{"start":{"line":45,"column":4},"end":{"line":49,"column":5}},"type":"if","locations":[{"start":{"line":45,"column":4},"end":{"line":49,"column":5}}]},"4":{"loc":{"start":{"line":51,"column":4},"end":{"line":55,"column":5}},"type":"if","locations":[{"start":{"line":51,"column":4},"end":{"line":55,"column":5}}]},"5":{"loc":{"start":{"line":64,"column":4},"end":{"line":68,"column":5}},"type":"if","locations":[{"start":{"line":64,"column":4},"end":{"line":68,"column":5}}]},"6":{"loc":{"start":{"line":70,"column":4},"end":{"line":74,"column":5}},"type":"if","locations":[{"start":{"line":70,"column":4},"end":{"line":74,"column":5}}]}},"s":{"0":2,"1":2,"2":24,"3":24,"4":24,"5":24,"6":24,"7":24,"8":24,"9":5,"10":19,"11":19,"12":2,"13":17,"14":17,"15":17,"16":17,"17":1,"18":16,"19":16,"20":1,"21":15,"22":15,"23":13,"24":13,"25":1,"26":12,"27":1,"28":11,"29":10,"30":24,"31":2,"32":2,"33":19,"34":19,"35":19,"36":19},"f":{"0":24,"1":19,"2":19},"b":{"0":[5],"1":[24,23,22,21],"2":[2],"3":[1],"4":[1],"5":[1],"6":[1]}}
,"/home/ik1533/code/solid-oidc-client-browser/src/core/Session.ts": {"path":"/home/ik1533/code/solid-oidc-client-browser/src/core/Session.ts","statementMap":{"0":{"start":{"line":1,"column":0},"end":{"line":1,"column":53}},"1":{"start":{"line":2,"column":0},"end":{"line":2,"column":80}},"2":{"start":{"line":3,"column":0},"end":{"line":3,"column":50}},"3":{"start":{"line":70,"column":31},"end":{"line":70,"column":36}},"4":{"start":{"line":72,"column":28},"end":{"line":72,"column":37}},"5":{"start":{"line":73,"column":33},"end":{"line":73,"column":42}},"6":{"start":{"line":79,"column":4},"end":{"line":79,"column":63}},"7":{"start":{"line":80,"column":4},"end":{"line":80,"column":null}},"8":{"start":{"line":84,"column":4},"end":{"line":84,"column":null}},"9":{"start":{"line":95,"column":27},"end":{"line":95,"column":98}},"10":{"start":{"line":97,"column":4},"end":{"line":97,"column":45}},"11":{"start":{"line":97,"column":38},"end":{"line":97,"column":45}},"12":{"start":{"line":99,"column":4},"end":{"line":99,"column":null}},"13":{"start":{"line":100,"column":4},"end":{"line":100,"column":60}},"14":{"start":{"line":101,"column":4},"end":{"line":101,"column":null}},"15":{"start":{"line":109,"column":4},"end":{"line":113,"column":5}},"16":{"start":{"line":110,"column":6},"end":{"line":112,"column":null}},"17":{"start":{"line":116,"column":4},"end":{"line":122,"column":23}},"18":{"start":{"line":119,"column":8},"end":{"line":119,"column":50}},"19":{"start":{"line":132,"column":4},"end":{"line":132,"column":27}},"20":{"start":{"line":133,"column":4},"end":{"line":133,"column":26}},"21":{"start":{"line":134,"column":4},"end":{"line":134,"column":28}},"22":{"start":{"line":135,"column":4},"end":{"line":135,"column":33}},"23":{"start":{"line":136,"column":4},"end":{"line":136,"column":44}},"24":{"start":{"line":137,"column":4},"end":{"line":137,"column":46}},"25":{"start":{"line":140,"column":4},"end":{"line":144,"column":5}},"26":{"start":{"line":141,"column":6},"end":{"line":141,"column":33}},"27":{"start":{"line":142,"column":6},"end":{"line":142,"column":34}},"28":{"start":{"line":143,"column":6},"end":{"line":143,"column":28}},"29":{"start":{"line":162,"column":4},"end":{"line":171,"column":5}},"30":{"start":{"line":163,"column":6},"end":{"line":163,"column":31}},"31":{"start":{"line":164,"column":6},"end":{"line":164,"column":54}},"32":{"start":{"line":165,"column":6},"end":{"line":165,"column":43}},"33":{"start":{"line":167,"column":6},"end":{"line":167,"column":24}},"34":{"start":{"line":168,"column":6},"end":{"line":168,"column":38}},"35":{"start":{"line":169,"column":6},"end":{"line":169,"column":36}},"36":{"start":{"line":170,"column":6},"end":{"line":170,"column":73}},"37":{"start":{"line":174,"column":4},"end":{"line":182,"column":5}},"38":{"start":{"line":175,"column":6},"end":{"line":178,"column":8}},"39":{"start":{"line":179,"column":19},"end":{"line":179,"column":65}},"40":{"start":{"line":180,"column":6},"end":{"line":180,"column":32}},"41":{"start":{"line":181,"column":6},"end":{"line":181,"column":89}},"42":{"start":{"line":185,"column":4},"end":{"line":187,"column":5}},"43":{"start":{"line":186,"column":6},"end":{"line":186,"column":61}},"44":{"start":{"line":189,"column":4},"end":{"line":189,"column":44}},"45":{"start":{"line":206,"column":20},"end":{"line":206,"column":37}},"46":{"start":{"line":207,"column":17},"end":{"line":207,"column":44}},"47":{"start":{"line":209,"column":23},"end":{"line":209,"column":66}},"48":{"start":{"line":211,"column":22},"end":{"line":211,"column":60}},"49":{"start":{"line":212,"column":19},"end":{"line":212,"column":58}},"50":{"start":{"line":214,"column":22},"end":{"line":217,"column":25}},"51":{"start":{"line":218,"column":4},"end":{"line":218,"column":21}},"52":{"start":{"line":229,"column":4},"end":{"line":231,"column":5}},"53":{"start":{"line":230,"column":6},"end":{"line":230,"column":50}},"54":{"start":{"line":232,"column":4},"end":{"line":232,"column":35}},"55":{"start":{"line":233,"column":27},"end":{"line":234,"column":null}},"56":{"start":{"line":236,"column":4},"end":{"line":244,"column":68}},"57":{"start":{"line":249,"column":4},"end":{"line":252,"column":5}},"58":{"start":{"line":250,"column":6},"end":{"line":250,"column":26}},"59":{"start":{"line":251,"column":6},"end":{"line":251,"column":13}},"60":{"start":{"line":253,"column":4},"end":{"line":269,"column":5}},"61":{"start":{"line":254,"column":27},"end":{"line":254,"column":50}},"62":{"start":{"line":255,"column":20},"end":{"line":255,"column":60}},"63":{"start":{"line":256,"column":6},"end":{"line":258,"column":7}},"64":{"start":{"line":257,"column":8},"end":{"line":257,"column":63}},"65":{"start":{"line":259,"column":18},"end":{"line":259,"column":34}},"66":{"start":{"line":260,"column":6},"end":{"line":262,"column":7}},"67":{"start":{"line":261,"column":8},"end":{"line":261,"column":61}},"68":{"start":{"line":263,"column":6},"end":{"line":263,"column":62}},"69":{"start":{"line":264,"column":6},"end":{"line":264,"column":26}},"70":{"start":{"line":265,"column":6},"end":{"line":265,"column":22}},"71":{"start":{"line":266,"column":6},"end":{"line":266,"column":28}},"72":{"start":{"line":268,"column":6},"end":{"line":268,"column":26}},"73":{"start":{"line":276,"column":4},"end":{"line":278,"column":5}},"74":{"start":{"line":277,"column":6},"end":{"line":277,"column":18}},"75":{"start":{"line":279,"column":31},"end":{"line":279,"column":60}},"76":{"start":{"line":280,"column":4},"end":{"line":280,"column":54}},"77":{"start":{"line":289,"column":4},"end":{"line":289,"column":26}},"78":{"start":{"line":293,"column":4},"end":{"line":293,"column":23}},"79":{"start":{"line":297,"column":4},"end":{"line":297,"column":49}},"80":{"start":{"line":298,"column":4},"end":{"line":298,"column":null}},"81":{"start":{"line":302,"column":4},"end":{"line":302,"column":59}},"82":{"start":{"line":306,"column":4},"end":{"line":306,"column":32}},"83":{"start":{"line":306,"column":20},"end":{"line":306,"column":32}},"84":{"start":{"line":307,"column":4},"end":{"line":307,"column":43}},"85":{"start":{"line":69,"column":0},"end":{"line":69,"column":13}}},"fnMap":{"0":{"name":"(anonymous_0)","decl":{"start":{"line":78,"column":2},"end":{"line":78,"column":14}},"loc":{"start":{"line":78,"column":127},"end":{"line":81,"column":3}}},"1":{"name":"(anonymous_1)","decl":{"start":{"line":83,"column":2},"end":{"line":83,"column":7}},"loc":{"start":{"line":83,"column":47},"end":{"line":85,"column":3}}},"2":{"name":"(anonymous_2)","decl":{"start":{"line":93,"column":2},"end":{"line":93,"column":7}},"loc":{"start":{"line":93,"column":31},"end":{"line":102,"column":3}}},"3":{"name":"(anonymous_3)","decl":{"start":{"line":108,"column":2},"end":{"line":108,"column":7}},"loc":{"start":{"line":108,"column":15},"end":{"line":123,"column":3}}},"4":{"name":"(anonymous_4)","decl":{"start":{"line":117,"column":12},"end":{"line":117,"column":24}},"loc":{"start":{"line":117,"column":27},"end":{"line":120,"column":7}}},"5":{"name":"(anonymous_5)","decl":{"start":{"line":122,"column":13},"end":{"line":122,"column":14}},"loc":{"start":{"line":122,"column":17},"end":{"line":122,"column":21}}},"6":{"name":"(anonymous_6)","decl":{"start":{"line":130,"column":2},"end":{"line":130,"column":7}},"loc":{"start":{"line":130,"column":14},"end":{"line":145,"column":3}}},"7":{"name":"(anonymous_7)","decl":{"start":{"line":156,"column":2},"end":{"line":156,"column":7}},"loc":{"start":{"line":156,"column":97},"end":{"line":190,"column":3}}},"8":{"name":"(anonymous_8)","decl":{"start":{"line":204,"column":10},"end":{"line":204,"column":15}},"loc":{"start":{"line":204,"column":47},"end":{"line":219,"column":3}}},"9":{"name":"(anonymous_9)","decl":{"start":{"line":228,"column":10},"end":{"line":228,"column":15}},"loc":{"start":{"line":228,"column":51},"end":{"line":245,"column":3}}},"10":{"name":"(anonymous_10)","decl":{"start":{"line":248,"column":10},"end":{"line":248,"column":15}},"loc":{"start":{"line":248,"column":68},"end":{"line":270,"column":3}}},"11":{"name":"(anonymous_11)","decl":{"start":{"line":275,"column":10},"end":{"line":275,"column":25}},"loc":{"start":{"line":275,"column":56},"end":{"line":281,"column":3}}},"12":{"name":"(anonymous_12)","decl":{"start":{"line":288,"column":2},"end":{"line":288,"column":6}},"loc":{"start":{"line":288,"column":14},"end":{"line":290,"column":3}}},"13":{"name":"(anonymous_13)","decl":{"start":{"line":292,"column":2},"end":{"line":292,"column":6}},"loc":{"start":{"line":292,"column":11},"end":{"line":294,"column":3}}},"14":{"name":"(anonymous_14)","decl":{"start":{"line":296,"column":2},"end":{"line":296,"column":7}},"loc":{"start":{"line":296,"column":50},"end":{"line":299,"column":3}}},"15":{"name":"(anonymous_15)","decl":{"start":{"line":301,"column":2},"end":{"line":301,"column":14}},"loc":{"start":{"line":301,"column":14},"end":{"line":303,"column":3}}},"16":{"name":"(anonymous_16)","decl":{"start":{"line":305,"column":2},"end":{"line":305,"column":11}},"loc":{"start":{"line":305,"column":11},"end":{"line":308,"column":3}}}},"branchMap":{"0":{"loc":{"start":{"line":97,"column":4},"end":{"line":97,"column":45}},"type":"if","locations":[{"start":{"line":97,"column":4},"end":{"line":97,"column":45}}]},"1":{"loc":{"start":{"line":109,"column":4},"end":{"line":113,"column":5}},"type":"if","locations":[{"start":{"line":109,"column":4},"end":{"line":113,"column":5}}]},"2":{"loc":{"start":{"line":140,"column":4},"end":{"line":144,"column":5}},"type":"if","locations":[{"start":{"line":140,"column":4},"end":{"line":144,"column":5}}]},"3":{"loc":{"start":{"line":162,"column":4},"end":{"line":171,"column":5}},"type":"if","locations":[{"start":{"line":162,"column":4},"end":{"line":171,"column":5}},{"start":{"line":166,"column":11},"end":{"line":171,"column":5}}]},"4":{"loc":{"start":{"line":164,"column":15},"end":{"line":164,"column":53}},"type":"binary-expr","locations":[{"start":{"line":164,"column":15},"end":{"line":164,"column":27}},{"start":{"line":164,"column":31},"end":{"line":164,"column":44}},{"start":{"line":164,"column":48},"end":{"line":164,"column":53}}]},"5":{"loc":{"start":{"line":167,"column":13},"end":{"line":167,"column":23}},"type":"binary-expr","locations":[{"start":{"line":167,"column":13},"end":{"line":167,"column":17}},{"start":{"line":167,"column":21},"end":{"line":167,"column":23}}]},"6":{"loc":{"start":{"line":169,"column":15},"end":{"line":169,"column":35}},"type":"binary-expr","locations":[{"start":{"line":169,"column":15},"end":{"line":169,"column":26}},{"start":{"line":169,"column":30},"end":{"line":169,"column":35}}]},"7":{"loc":{"start":{"line":170,"column":16},"end":{"line":170,"column":72}},"type":"cond-expr","locations":[{"start":{"line":170,"column":31},"end":{"line":170,"column":56}},{"start":{"line":170,"column":59},"end":{"line":170,"column":72}}]},"8":{"loc":{"start":{"line":174,"column":4},"end":{"line":182,"column":5}},"type":"if","locations":[{"start":{"line":174,"column":4},"end":{"line":182,"column":5}}]},"9":{"loc":{"start":{"line":175,"column":20},"end":{"line":178,"column":8}},"type":"binary-expr","locations":[{"start":{"line":175,"column":20},"end":{"line":175,"column":31}},{"start":{"line":175,"column":35},"end":{"line":178,"column":8}}]},"10":{"loc":{"start":{"line":185,"column":4},"end":{"line":187,"column":5}},"type":"if","locations":[{"start":{"line":185,"column":4},"end":{"line":187,"column":5}}]},"11":{"loc":{"start":{"line":229,"column":4},"end":{"line":231,"column":5}},"type":"if","locations":[{"start":{"line":229,"column":4},"end":{"line":231,"column":5}}]},"12":{"loc":{"start":{"line":229,"column":8},"end":{"line":229,"column":59}},"type":"binary-expr","locations":[{"start":{"line":229,"column":8},"end":{"line":229,"column":38}},{"start":{"line":229,"column":42},"end":{"line":229,"column":59}}]},"13":{"loc":{"start":{"line":249,"column":4},"end":{"line":252,"column":5}},"type":"if","locations":[{"start":{"line":249,"column":4},"end":{"line":252,"column":5}}]},"14":{"loc":{"start":{"line":256,"column":6},"end":{"line":258,"column":7}},"type":"if","locations":[{"start":{"line":256,"column":6},"end":{"line":258,"column":7}}]},"15":{"loc":{"start":{"line":260,"column":6},"end":{"line":262,"column":7}},"type":"if","locations":[{"start":{"line":260,"column":6},"end":{"line":262,"column":7}}]},"16":{"loc":{"start":{"line":275,"column":39},"end":{"line":275,"column":56}},"type":"default-arg","locations":[{"start":{"line":275,"column":55},"end":{"line":275,"column":56}}]},"17":{"loc":{"start":{"line":276,"column":4},"end":{"line":278,"column":5}},"type":"if","locations":[{"start":{"line":276,"column":4},"end":{"line":278,"column":5}}]},"18":{"loc":{"start":{"line":276,"column":8},"end":{"line":276,"column":45}},"type":"binary-expr","locations":[{"start":{"line":276,"column":8},"end":{"line":276,"column":31}},{"start":{"line":276,"column":35},"end":{"line":276,"column":45}}]},"19":{"loc":{"start":{"line":302,"column":11},"end":{"line":302,"column":58}},"type":"binary-expr","locations":[{"start":{"line":302,"column":11},"end":{"line":302,"column":52}},{"start":{"line":302,"column":56},"end":{"line":302,"column":58}}]},"20":{"loc":{"start":{"line":306,"column":4},"end":{"line":306,"column":32}},"type":"if","locations":[{"start":{"line":306,"column":4},"end":{"line":306,"column":32}}]}},"s":{"0":1,"1":1,"2":1,"3":32,"4":32,"5":32,"6":32,"7":32,"8":1,"9":2,"10":2,"11":1,"12":1,"13":1,"14":1,"15":3,"16":1,"17":2,"18":1,"19":14,"20":14,"21":14,"22":14,"23":14,"24":14,"25":14,"26":12,"27":12,"28":12,"29":4,"30":1,"31":1,"32":1,"33":3,"34":3,"35":3,"36":3,"37":4,"38":3,"39":3,"40":3,"41":3,"42":4,"43":1,"44":3,"45":7,"46":7,"47":7,"48":7,"49":7,"50":7,"51":7,"52":3,"53":0,"54":3,"55":3,"56":3,"57":24,"58":2,"59":2,"60":22,"61":22,"62":22,"63":22,"64":1,"65":21,"66":21,"67":9,"68":12,"69":12,"70":12,"71":12,"72":10,"73":2,"74":0,"75":2,"76":2,"77":9,"78":9,"79":7,"80":7,"81":3,"82":3,"83":1,"84":2,"85":1},"f":{"0":32,"1":1,"2":2,"3":3,"4":1,"5":1,"6":14,"7":4,"8":7,"9":3,"10":24,"11":2,"12":9,"13":9,"14":7,"15":3,"16":3},"b":{"0":[1],"1":[1],"2":[12],"3":[1,3],"4":[1,1,0],"5":[3,2],"6":[3,2],"7":[1,2],"8":[3],"9":[3,3],"10":[1],"11":[0],"12":[3,3],"13":[2],"14":[1],"15":[9],"16":[2],"17":[0],"18":[2,2],"19":[3,2],"20":[1]}}
,"/home/ik1533/code/solid-oidc-client-browser/src/web/RefreshWorker.ts": {"path":"/home/ik1533/code/solid-oidc-client-browser/src/web/RefreshWorker.ts","statementMap":{"0":{"start":{"line":5,"column":0},"end":{"line":5,"column":null}},"1":{"start":{"line":6,"column":4},"end":{"line":6,"column":null}},"2":{"start":{"line":7,"column":4},"end":{"line":7,"column":null}},"3":{"start":{"line":8,"column":4},"end":{"line":8,"column":null}},"4":{"start":{"line":9,"column":4},"end":{"line":9,"column":null}},"5":{"start":{"line":10,"column":4},"end":{"line":10,"column":null}},"6":{"start":{"line":11,"column":4},"end":{"line":11,"column":null}},"7":{"start":{"line":12,"column":4},"end":{"line":12,"column":null}},"8":{"start":{"line":21,"column":19},"end":{"line":21,"column":28}},"9":{"start":{"line":24,"column":23},"end":{"line":24,"column":28}},"10":{"start":{"line":25,"column":45},"end":{"line":25,"column":54}},"11":{"start":{"line":27,"column":0},"end":{"line":67,"column":2}},"12":{"start":{"line":28,"column":17},"end":{"line":28,"column":31}},"13":{"start":{"line":29,"column":4},"end":{"line":29,"column":20}},"14":{"start":{"line":31,"column":4},"end":{"line":59,"column":6}},"15":{"start":{"line":32,"column":34},"end":{"line":32,"column":44}},"16":{"start":{"line":34,"column":8},"end":{"line":38,"column":9}},"17":{"start":{"line":35,"column":12},"end":{"line":35,"column":93}},"18":{"start":{"line":36,"column":12},"end":{"line":36,"column":46}},"19":{"start":{"line":37,"column":12},"end":{"line":37,"column":36}},"20":{"start":{"line":40,"column":8},"end":{"line":48,"column":9}},"21":{"start":{"line":41,"column":12},"end":{"line":47,"column":13}},"22":{"start":{"line":42,"column":16},"end":{"line":42,"column":88}},"23":{"start":{"line":43,"column":16},"end":{"line":43,"column":105}},"24":{"start":{"line":45,"column":16},"end":{"line":45,"column":64}},"25":{"start":{"line":46,"column":16},"end":{"line":46,"column":33}},"26":{"start":{"line":50,"column":8},"end":{"line":54,"column":9}},"27":{"start":{"line":51,"column":12},"end":{"line":51,"column":74}},"28":{"start":{"line":52,"column":12},"end":{"line":52,"column":37}},"29":{"start":{"line":53,"column":12},"end":{"line":53,"column":29}},"30":{"start":{"line":56,"column":8},"end":{"line":58,"column":9}},"31":{"start":{"line":57,"column":12},"end":{"line":57,"column":31}},"32":{"start":{"line":61,"column":4},"end":{"line":61,"column":17}},"33":{"start":{"line":63,"column":4},"end":{"line":66,"column":6}},"34":{"start":{"line":64,"column":8},"end":{"line":64,"column":44}},"35":{"start":{"line":65,"column":8},"end":{"line":65,"column":27}},"36":{"start":{"line":70,"column":4},"end":{"line":70,"column":105}},"37":{"start":{"line":71,"column":4},"end":{"line":73,"column":5}},"38":{"start":{"line":72,"column":8},"end":{"line":72,"column":34}},"39":{"start":{"line":77,"column":21},"end":{"line":77,"column":37}},"40":{"start":{"line":78,"column":4},"end":{"line":88,"column":5}},"41":{"start":{"line":79,"column":8},"end":{"line":79,"column":51}},"42":{"start":{"line":81,"column":8},"end":{"line":81,"column":90}},"43":{"start":{"line":83,"column":8},"end":{"line":83,"column":112}},"44":{"start":{"line":84,"column":8},"end":{"line":84,"column":48}},"45":{"start":{"line":87,"column":8},"end":{"line":87,"column":88}},"46":{"start":{"line":92,"column":4},"end":{"line":92,"column":53}},"47":{"start":{"line":92,"column":24},"end":{"line":92,"column":53}},"48":{"start":{"line":93,"column":4},"end":{"line":93,"column":61}},"49":{"start":{"line":93,"column":28},"end":{"line":93,"column":61}},"50":{"start":{"line":94,"column":4},"end":{"line":94,"column":29}},"51":{"start":{"line":98,"column":4},"end":{"line":98,"column":21}},"52":{"start":{"line":99,"column":4},"end":{"line":99,"column":28}},"53":{"start":{"line":101,"column":24},"end":{"line":101,"column":40}},"54":{"start":{"line":102,"column":36},"end":{"line":102,"column":39}},"55":{"start":{"line":103,"column":38},"end":{"line":103,"column":47}},"56":{"start":{"line":105,"column":29},"end":{"line":105,"column":66}},"57":{"start":{"line":106,"column":4},"end":{"line":108,"column":5}},"58":{"start":{"line":107,"column":8},"end":{"line":107,"column":70}},"59":{"start":{"line":110,"column":37},"end":{"line":110,"column":45}},"60":{"start":{"line":111,"column":28},"end":{"line":111,"column":66}},"61":{"start":{"line":112,"column":4},"end":{"line":115,"column":24}},"62":{"start":{"line":113,"column":8},"end":{"line":113,"column":33}},"63":{"start":{"line":114,"column":8},"end":{"line":114,"column":57}}},"fnMap":{"0":{"name":"(anonymous_0)","decl":{"start":{"line":5,"column":0},"end":{"line":5,"column":6}},"loc":{"start":{"line":5,"column":31},"end":{"line":13,"column":1}}},"1":{"name":"(anonymous_1)","decl":{"start":{"line":27,"column":17},"end":{"line":27,"column":18}},"loc":{"start":{"line":27,"column":32},"end":{"line":67,"column":1}}},"2":{"name":"(anonymous_2)","decl":{"start":{"line":31,"column":21},"end":{"line":31,"column":22}},"loc":{"start":{"line":31,"column":36},"end":{"line":59,"column":5}}},"3":{"name":"(anonymous_3)","decl":{"start":{"line":63,"column":26},"end":{"line":63,"column":29}},"loc":{"start":{"line":63,"column":31},"end":{"line":66,"column":5}}},"4":{"name":"broadcast","decl":{"start":{"line":69,"column":9},"end":{"line":69,"column":18}},"loc":{"start":{"line":69,"column":31},"end":{"line":74,"column":1}}},"5":{"name":"performRefresh","decl":{"start":{"line":76,"column":15},"end":{"line":76,"column":29}},"loc":{"start":{"line":76,"column":29},"end":{"line":89,"column":1}}},"6":{"name":"clearAllTimers","decl":{"start":{"line":91,"column":9},"end":{"line":91,"column":23}},"loc":{"start":{"line":91,"column":23},"end":{"line":95,"column":1}}},"7":{"name":"scheduleTimers","decl":{"start":{"line":97,"column":9},"end":{"line":97,"column":23}},"loc":{"start":{"line":97,"column":41},"end":{"line":116,"column":1}}},"8":{"name":"(anonymous_8)","decl":{"start":{"line":112,"column":36},"end":{"line":112,"column":39}},"loc":{"start":{"line":112,"column":41},"end":{"line":115,"column":5}}}},"branchMap":{"0":{"loc":{"start":{"line":5,"column":12},"end":{"line":5,"column":null}},"type":"binary-expr","locations":[{"start":{"line":5,"column":12},"end":{"line":5,"column":31}},{"start":{"line":5,"column":12},"end":{"line":5,"column":null}}]},"1":{"loc":{"start":{"line":34,"column":8},"end":{"line":38,"column":9}},"type":"if","locations":[{"start":{"line":34,"column":8},"end":{"line":38,"column":9}}]},"2":{"loc":{"start":{"line":34,"column":12},"end":{"line":34,"column":70}},"type":"binary-expr","locations":[{"start":{"line":34,"column":12},"end":{"line":34,"column":49}},{"start":{"line":34,"column":53},"end":{"line":34,"column":70}}]},"3":{"loc":{"start":{"line":40,"column":8},"end":{"line":48,"column":9}},"type":"if","locations":[{"start":{"line":40,"column":8},"end":{"line":48,"column":9}}]},"4":{"loc":{"start":{"line":41,"column":12},"end":{"line":47,"column":13}},"type":"if","locations":[{"start":{"line":41,"column":12},"end":{"line":47,"column":13}},{"start":{"line":44,"column":19},"end":{"line":47,"column":13}}]},"5":{"loc":{"start":{"line":50,"column":8},"end":{"line":54,"column":9}},"type":"if","locations":[{"start":{"line":50,"column":8},"end":{"line":54,"column":9}}]},"6":{"loc":{"start":{"line":56,"column":8},"end":{"line":58,"column":9}},"type":"if","locations":[{"start":{"line":56,"column":8},"end":{"line":58,"column":9}}]},"7":{"loc":{"start":{"line":92,"column":4},"end":{"line":92,"column":53}},"type":"if","locations":[{"start":{"line":92,"column":4},"end":{"line":92,"column":53}}]},"8":{"loc":{"start":{"line":93,"column":4},"end":{"line":93,"column":61}},"type":"if","locations":[{"start":{"line":93,"column":4},"end":{"line":93,"column":61}}]},"9":{"loc":{"start":{"line":106,"column":4},"end":{"line":108,"column":5}},"type":"if","locations":[{"start":{"line":106,"column":4},"end":{"line":108,"column":5}}]}},"s":{"0":0,"1":0,"2":0,"3":0,"4":0,"5":0,"6":0,"7":0,"8":0,"9":0,"10":0,"11":0,"12":0,"13":0,"14":0,"15":0,"16":0,"17":0,"18":0,"19":0,"20":0,"21":0,"22":0,"23":0,"24":0,"25":0,"26":0,"27":0,"28":0,"29":0,"30":0,"31":0,"32":0,"33":0,"34":0,"35":0,"36":0,"37":0,"38":0,"39":0,"40":0,"41":0,"42":0,"43":0,"44":0,"45":0,"46":0,"47":0,"48":0,"49":0,"50":0,"51":0,"52":0,"53":0,"54":0,"55":0,"56":0,"57":0,"58":0,"59":0,"60":0,"61":0,"62":0,"63":0},"f":{"0":0,"1":0,"2":0,"3":0,"4":0,"5":0,"6":0,"7":0,"8":0},"b":{"0":[0,0],"1":[0],"2":[0,0],"3":[0],"4":[0,0],"5":[0],"6":[0],"7":[0],"8":[0],"9":[0]}}
,"/home/ik1533/code/solid-oidc-client-browser/src/web/Session.ts": {"path":"/home/ik1533/code/solid-oidc-client-browser/src/web/Session.ts","statementMap":{"0":{"start":{"line":34,"column":25},"end":{"line":34,"column":41}},"1":{"start":{"line":35,"column":24},"end":{"line":35,"column":55}},"2":{"start":{"line":36,"column":8},"end":{"line":36,"column":38}},"3":{"start":{"line":37,"column":8},"end":{"line":37,"column":73}},"4":{"start":{"line":38,"column":8},"end":{"line":38,"column":85}},"5":{"start":{"line":39,"column":8},"end":{"line":39,"column":71}},"6":{"start":{"line":42,"column":26},"end":{"line":42,"column":101}},"7":{"start":{"line":43,"column":8},"end":{"line":43,"column":70}},"8":{"start":{"line":44,"column":8},"end":{"line":46,"column":10}},"9":{"start":{"line":45,"column":12},"end":{"line":45,"column":70}},"10":{"start":{"line":47,"column":8},"end":{"line":49,"column":11}},"11":{"start":{"line":48,"column":12},"end":{"line":48,"column":83}},"12":{"start":{"line":52,"column":34},"end":{"line":83,"column":5}},"13":{"start":{"line":53,"column":41},"end":{"line":53,"column":45}},"14":{"start":{"line":54,"column":8},"end":{"line":82,"column":9}},"15":{"start":{"line":56,"column":16},"end":{"line":56,"column":65}},"16":{"start":{"line":57,"column":16},"end":{"line":60,"column":17}},"17":{"start":{"line":58,"column":20},"end":{"line":58,"column":42}},"18":{"start":{"line":59,"column":20},"end":{"line":59,"column":47}},"19":{"start":{"line":61,"column":16},"end":{"line":61,"column":22}},"20":{"start":{"line":63,"column":16},"end":{"line":64,"column":56}},"21":{"start":{"line":64,"column":20},"end":{"line":64,"column":56}},"22":{"start":{"line":65,"column":16},"end":{"line":72,"column":17}},"23":{"start":{"line":66,"column":20},"end":{"line":70,"column":21}},"24":{"start":{"line":67,"column":24},"end":{"line":67,"column":87}},"25":{"start":{"line":69,"column":24},"end":{"line":69,"column":80}},"26":{"start":{"line":71,"column":20},"end":{"line":71,"column":47}},"27":{"start":{"line":73,"column":16},"end":{"line":73,"column":22}},"28":{"start":{"line":75,"column":16},"end":{"line":75,"column":36}},"29":{"start":{"line":76,"column":16},"end":{"line":76,"column":45}},"30":{"start":{"line":77,"column":16},"end":{"line":80,"column":17}},"31":{"start":{"line":78,"column":20},"end":{"line":78,"column":83}},"32":{"start":{"line":79,"column":20},"end":{"line":79,"column":47}},"33":{"start":{"line":81,"column":16},"end":{"line":81,"column":22}},"34":{"start":{"line":87,"column":8},"end":{"line":87,"column":46}},"35":{"start":{"line":88,"column":8},"end":{"line":90,"column":9}},"36":{"start":{"line":89,"column":12},"end":{"line":89,"column":126}},"37":{"start":{"line":94,"column":8},"end":{"line":94,"column":76}},"38":{"start":{"line":95,"column":8},"end":{"line":98,"column":11}},"39":{"start":{"line":96,"column":12},"end":{"line":96,"column":42}},"40":{"start":{"line":97,"column":12},"end":{"line":97,"column":40}},"41":{"start":{"line":99,"column":8},"end":{"line":99,"column":35}},"42":{"start":{"line":103,"column":8},"end":{"line":103,"column":73}},"43":{"start":{"line":104,"column":8},"end":{"line":104,"column":29}},"44":{"start":{"line":105,"column":8},"end":{"line":105,"column":38}},"45":{"start":{"line":109,"column":8},"end":{"line":120,"column":9}},"46":{"start":{"line":110,"column":12},"end":{"line":119,"column":13}},"47":{"start":{"line":111,"column":16},"end":{"line":115,"column":17}},"48":{"start":{"line":112,"column":20},"end":{"line":112,"column":41}},"49":{"start":{"line":114,"column":20},"end":{"line":114,"column":46}},"50":{"start":{"line":117,"column":16},"end":{"line":117,"column":88}},"51":{"start":{"line":118,"column":16},"end":{"line":118,"column":79}},"52":{"start":{"line":121,"column":8},"end":{"line":121,"column":57}},"53":{"start":{"line":125,"column":8},"end":{"line":125,"column":50}},"54":{"start":{"line":126,"column":8},"end":{"line":126,"column":38}},"55":{"start":{"line":131,"column":8},"end":{"line":131,"column":40}},"56":{"start":{"line":132,"column":8},"end":{"line":132,"column":40}},"57":{"start":{"line":133,"column":8},"end":{"line":133,"column":39}}},"fnMap":{"0":{"name":"(anonymous_0)","decl":{"start":{"line":30,"column":4},"end":{"line":30,"column":null}},"loc":{"start":{"line":32,"column":48},"end":{"line":50,"column":5}}},"1":{"name":"(anonymous_1)","decl":{"start":{"line":44,"column":37},"end":{"line":44,"column":38}},"loc":{"start":{"line":44,"column":47},"end":{"line":46,"column":9}}},"2":{"name":"(anonymous_2)","decl":{"start":{"line":47,"column":48},"end":{"line":47,"column":51}},"loc":{"start":{"line":47,"column":53},"end":{"line":49,"column":9}}},"3":{"name":"(anonymous_3)","decl":{"start":{"line":52,"column":34},"end":{"line":52,"column":39}},"loc":{"start":{"line":52,"column":54},"end":{"line":83,"column":5}}},"4":{"name":"(anonymous_4)","decl":{"start":{"line":86,"column":4},"end":{"line":86,"column":9}},"loc":{"start":{"line":86,"column":33},"end":{"line":91,"column":5}}},"5":{"name":"(anonymous_5)","decl":{"start":{"line":93,"column":4},"end":{"line":93,"column":9}},"loc":{"start":{"line":93,"column":17},"end":{"line":100,"column":5}}},"6":{"name":"(anonymous_6)","decl":{"start":{"line":95,"column":42},"end":{"line":95,"column":43}},"loc":{"start":{"line":95,"column":62},"end":{"line":98,"column":9}}},"7":{"name":"(anonymous_7)","decl":{"start":{"line":102,"column":4},"end":{"line":102,"column":9}},"loc":{"start":{"line":102,"column":16},"end":{"line":106,"column":5}}},"8":{"name":"(anonymous_8)","decl":{"start":{"line":108,"column":4},"end":{"line":108,"column":9}},"loc":{"start":{"line":108,"column":88},"end":{"line":122,"column":5}}},"9":{"name":"(anonymous_9)","decl":{"start":{"line":124,"column":6},"end":{"line":124,"column":11}},"loc":{"start":{"line":124,"column":54},"end":{"line":127,"column":7}}},"10":{"name":"(anonymous_10)","decl":{"start":{"line":130,"column":12},"end":{"line":130,"column":31}},"loc":{"start":{"line":130,"column":31},"end":{"line":134,"column":5}}}},"branchMap":{"0":{"loc":{"start":{"line":42,"column":26},"end":{"line":42,"column":101}},"type":"binary-expr","locations":[{"start":{"line":42,"column":26},"end":{"line":42,"column":51}},{"start":{"line":42,"column":55},"end":{"line":42,"column":101}}]},"1":{"loc":{"start":{"line":54,"column":8},"end":{"line":82,"column":9}},"type":"switch","locations":[{"start":{"line":55,"column":12},"end":{"line":61,"column":22}},{"start":{"line":62,"column":12},"end":{"line":73,"column":22}},{"start":{"line":74,"column":12},"end":{"line":81,"column":22}}]},"2":{"loc":{"start":{"line":57,"column":16},"end":{"line":60,"column":17}},"type":"if","locations":[{"start":{"line":57,"column":16},"end":{"line":60,"column":17}}]},"3":{"loc":{"start":{"line":57,"column":20},"end":{"line":57,"column":62}},"type":"binary-expr","locations":[{"start":{"line":57,"column":20},"end":{"line":57,"column":39}},{"start":{"line":57,"column":43},"end":{"line":57,"column":62}}]},"4":{"loc":{"start":{"line":63,"column":16},"end":{"line":64,"column":56}},"type":"if","locations":[{"start":{"line":63,"column":16},"end":{"line":64,"column":56}}]},"5":{"loc":{"start":{"line":65,"column":16},"end":{"line":72,"column":17}},"type":"if","locations":[{"start":{"line":65,"column":16},"end":{"line":72,"column":17}}]},"6":{"loc":{"start":{"line":65,"column":20},"end":{"line":65,"column":61}},"type":"binary-expr","locations":[{"start":{"line":65,"column":20},"end":{"line":65,"column":39}},{"start":{"line":65,"column":43},"end":{"line":65,"column":61}}]},"7":{"loc":{"start":{"line":66,"column":20},"end":{"line":70,"column":21}},"type":"if","locations":[{"start":{"line":66,"column":20},"end":{"line":70,"column":21}},{"start":{"line":68,"column":27},"end":{"line":70,"column":21}}]},"8":{"loc":{"start":{"line":67,"column":53},"end":{"line":67,"column":84}},"type":"binary-expr","locations":[{"start":{"line":67,"column":53},"end":{"line":67,"column":58}},{"start":{"line":67,"column":62},"end":{"line":67,"column":84}}]},"9":{"loc":{"start":{"line":77,"column":16},"end":{"line":80,"column":17}},"type":"if","locations":[{"start":{"line":77,"column":16},"end":{"line":80,"column":17}}]},"10":{"loc":{"start":{"line":77,"column":20},"end":{"line":77,"column":61}},"type":"binary-expr","locations":[{"start":{"line":77,"column":20},"end":{"line":77,"column":39}},{"start":{"line":77,"column":43},"end":{"line":77,"column":61}}]},"11":{"loc":{"start":{"line":78,"column":49},"end":{"line":78,"column":80}},"type":"binary-expr","locations":[{"start":{"line":78,"column":49},"end":{"line":78,"column":54}},{"start":{"line":78,"column":58},"end":{"line":78,"column":80}}]},"12":{"loc":{"start":{"line":88,"column":8},"end":{"line":90,"column":9}},"type":"if","locations":[{"start":{"line":88,"column":8},"end":{"line":90,"column":9}}]},"13":{"loc":{"start":{"line":109,"column":8},"end":{"line":120,"column":9}},"type":"if","locations":[{"start":{"line":109,"column":8},"end":{"line":120,"column":9}}]},"14":{"loc":{"start":{"line":111,"column":16},"end":{"line":115,"column":17}},"type":"if","locations":[{"start":{"line":111,"column":16},"end":{"line":115,"column":17}},{"start":{"line":113,"column":23},"end":{"line":115,"column":17}}]}},"s":{"0":0,"1":0,"2":0,"3":0,"4":0,"5":0,"6":0,"7":0,"8":0,"9":0,"10":0,"11":0,"12":0,"13":0,"14":0,"15":0,"16":0,"17":0,"18":0,"19":0,"20":0,"21":0,"22":0,"23":0,"24":0,"25":0,"26":0,"27":0,"28":0,"29":0,"30":0,"31":0,"32":0,"33":0,"34":0,"35":0,"36":0,"37":0,"38":0,"39":0,"40":0,"41":0,"42":0,"43":0,"44":0,"45":0,"46":0,"47":0,"48":0,"49":0,"50":0,"51":0,"52":0,"53":0,"54":0,"55":0,"56":0,"57":0},"f":{"0":0,"1":0,"2":0,"3":0,"4":0,"5":0,"6":0,"7":0,"8":0,"9":0,"10":0},"b":{"0":[0,0],"1":[0,0,0],"2":[0],"3":[0,0],"4":[0],"5":[0],"6":[0,0],"7":[0,0],"8":[0,0],"9":[0],"10":[0,0],"11":[0,0],"12":[0],"13":[0],"14":[0,0]}}
,"/home/ik1533/code/solid-oidc-client-browser/src/web/SessionDatabase.ts": {"path":"/home/ik1533/code/solid-oidc-client-browser/src/web/SessionDatabase.ts","statementMap":{"0":{"start":{"line":9,"column":37},"end":{"line":9,"column":41}},"1":{"start":{"line":18,"column":8},"end":{"line":18,"column":29}},"2":{"start":{"line":19,"column":8},"end":{"line":19,"column":35}},"3":{"start":{"line":20,"column":8},"end":{"line":20,"column":35}},"4":{"start":{"line":28,"column":8},"end":{"line":48,"column":11}},"5":{"start":{"line":29,"column":28},"end":{"line":29,"column":71}},"6":{"start":{"line":31,"column":12},"end":{"line":33,"column":14}},"7":{"start":{"line":32,"column":16},"end":{"line":32,"column":91}},"8":{"start":{"line":35,"column":12},"end":{"line":38,"column":14}},"9":{"start":{"line":36,"column":16},"end":{"line":36,"column":68}},"10":{"start":{"line":37,"column":16},"end":{"line":37,"column":30}},"11":{"start":{"line":40,"column":12},"end":{"line":47,"column":14}},"12":{"start":{"line":41,"column":28},"end":{"line":41,"column":68}},"13":{"start":{"line":44,"column":16},"end":{"line":46,"column":17}},"14":{"start":{"line":45,"column":20},"end":{"line":45,"column":57}},"15":{"start":{"line":57,"column":8},"end":{"line":59,"column":9}},"16":{"start":{"line":58,"column":12},"end":{"line":58,"column":30}},"17":{"start":{"line":61,"column":8},"end":{"line":77,"column":11}},"18":{"start":{"line":62,"column":32},"end":{"line":62,"column":81}},"19":{"start":{"line":64,"column":12},"end":{"line":66,"column":14}},"20":{"start":{"line":65,"column":16},"end":{"line":65,"column":26}},"21":{"start":{"line":67,"column":12},"end":{"line":69,"column":14}},"22":{"start":{"line":68,"column":16},"end":{"line":68,"column":121}},"23":{"start":{"line":71,"column":12},"end":{"line":73,"column":14}},"24":{"start":{"line":72,"column":16},"end":{"line":72,"column":123}},"25":{"start":{"line":75,"column":26},"end":{"line":75,"column":65}},"26":{"start":{"line":76,"column":12},"end":{"line":76,"column":33}},"27":{"start":{"line":86,"column":8},"end":{"line":88,"column":9}},"28":{"start":{"line":87,"column":12},"end":{"line":87,"column":30}},"29":{"start":{"line":90,"column":8},"end":{"line":106,"column":11}},"30":{"start":{"line":91,"column":32},"end":{"line":91,"column":80}},"31":{"start":{"line":93,"column":12},"end":{"line":95,"column":14}},"32":{"start":{"line":94,"column":16},"end":{"line":94,"column":117}},"33":{"start":{"line":97,"column":12},"end":{"line":99,"column":14}},"34":{"start":{"line":98,"column":16},"end":{"line":98,"column":119}},"35":{"start":{"line":101,"column":26},"end":{"line":101,"column":65}},"36":{"start":{"line":102,"column":28},"end":{"line":102,"column":41}},"37":{"start":{"line":103,"column":12},"end":{"line":105,"column":14}},"38":{"start":{"line":104,"column":16},"end":{"line":104,"column":48}},"39":{"start":{"line":114,"column":8},"end":{"line":116,"column":9}},"40":{"start":{"line":115,"column":12},"end":{"line":115,"column":30}},"41":{"start":{"line":118,"column":8},"end":{"line":134,"column":11}},"42":{"start":{"line":119,"column":32},"end":{"line":119,"column":81}},"43":{"start":{"line":121,"column":12},"end":{"line":123,"column":14}},"44":{"start":{"line":122,"column":16},"end":{"line":122,"column":26}},"45":{"start":{"line":124,"column":12},"end":{"line":126,"column":14}},"46":{"start":{"line":125,"column":16},"end":{"line":125,"column":120}},"47":{"start":{"line":128,"column":12},"end":{"line":130,"column":14}},"48":{"start":{"line":129,"column":16},"end":{"line":129,"column":122}},"49":{"start":{"line":132,"column":26},"end":{"line":132,"column":65}},"50":{"start":{"line":133,"column":12},"end":{"line":133,"column":29}},"51":{"start":{"line":141,"column":8},"end":{"line":143,"column":9}},"52":{"start":{"line":142,"column":12},"end":{"line":142,"column":30}},"53":{"start":{"line":145,"column":8},"end":{"line":161,"column":11}},"54":{"start":{"line":146,"column":32},"end":{"line":146,"column":81}},"55":{"start":{"line":148,"column":12},"end":{"line":150,"column":14}},"56":{"start":{"line":149,"column":16},"end":{"line":149,"column":26}},"57":{"start":{"line":151,"column":12},"end":{"line":153,"column":14}},"58":{"start":{"line":152,"column":16},"end":{"line":152,"column":110}},"59":{"start":{"line":155,"column":12},"end":{"line":157,"column":14}},"60":{"start":{"line":156,"column":16},"end":{"line":156,"column":112}},"61":{"start":{"line":159,"column":26},"end":{"line":159,"column":65}},"62":{"start":{"line":160,"column":12},"end":{"line":160,"column":26}},"63":{"start":{"line":168,"column":8},"end":{"line":171,"column":9}},"64":{"start":{"line":169,"column":12},"end":{"line":169,"column":28}},"65":{"start":{"line":170,"column":12},"end":{"line":170,"column":27}}},"fnMap":{"0":{"name":"(anonymous_0)","decl":{"start":{"line":17,"column":4},"end":{"line":17,"column":16}},"loc":{"start":{"line":17,"column":94},"end":{"line":21,"column":5}}},"1":{"name":"(anonymous_1)","decl":{"start":{"line":27,"column":11},"end":{"line":27,"column":16}},"loc":{"start":{"line":27,"column":21},"end":{"line":49,"column":5}}},"2":{"name":"(anonymous_2)","decl":{"start":{"line":28,"column":27},"end":{"line":28,"column":28}},"loc":{"start":{"line":28,"column":47},"end":{"line":48,"column":9}}},"3":{"name":"(anonymous_3)","decl":{"start":{"line":31,"column":30},"end":{"line":31,"column":31}},"loc":{"start":{"line":31,"column":40},"end":{"line":33,"column":13}}},"4":{"name":"(anonymous_4)","decl":{"start":{"line":35,"column":32},"end":{"line":35,"column":33}},"loc":{"start":{"line":35,"column":42},"end":{"line":38,"column":13}}},"5":{"name":"(anonymous_5)","decl":{"start":{"line":40,"column":38},"end":{"line":40,"column":39}},"loc":{"start":{"line":40,"column":48},"end":{"line":47,"column":13}}},"6":{"name":"(anonymous_6)","decl":{"start":{"line":56,"column":11},"end":{"line":56,"column":16}},"loc":{"start":{"line":56,"column":47},"end":{"line":78,"column":5}}},"7":{"name":"(anonymous_7)","decl":{"start":{"line":61,"column":27},"end":{"line":61,"column":28}},"loc":{"start":{"line":61,"column":47},"end":{"line":77,"column":9}}},"8":{"name":"(anonymous_8)","decl":{"start":{"line":64,"column":37},"end":{"line":64,"column":40}},"loc":{"start":{"line":64,"column":42},"end":{"line":66,"column":13}}},"9":{"name":"(anonymous_9)","decl":{"start":{"line":67,"column":34},"end":{"line":67,"column":35}},"loc":{"start":{"line":67,"column":44},"end":{"line":69,"column":13}}},"10":{"name":"(anonymous_10)","decl":{"start":{"line":71,"column":34},"end":{"line":71,"column":35}},"loc":{"start":{"line":71,"column":44},"end":{"line":73,"column":13}}},"11":{"name":"(anonymous_11)","decl":{"start":{"line":85,"column":11},"end":{"line":85,"column":16}},"loc":{"start":{"line":85,"column":35},"end":{"line":107,"column":5}}},"12":{"name":"(anonymous_12)","decl":{"start":{"line":90,"column":27},"end":{"line":90,"column":28}},"loc":{"start":{"line":90,"column":47},"end":{"line":106,"column":9}}},"13":{"name":"(anonymous_13)","decl":{"start":{"line":93,"column":34},"end":{"line":93,"column":35}},"loc":{"start":{"line":93,"column":44},"end":{"line":95,"column":13}}},"14":{"name":"(anonymous_14)","decl":{"start":{"line":97,"column":34},"end":{"line":97,"column":35}},"loc":{"start":{"line":97,"column":44},"end":{"line":99,"column":13}}},"15":{"name":"(anonymous_15)","decl":{"start":{"line":103,"column":32},"end":{"line":103,"column":35}},"loc":{"start":{"line":103,"column":37},"end":{"line":105,"column":13}}},"16":{"name":"(anonymous_16)","decl":{"start":{"line":113,"column":11},"end":{"line":113,"column":16}},"loc":{"start":{"line":113,"column":38},"end":{"line":135,"column":5}}},"17":{"name":"(anonymous_17)","decl":{"start":{"line":118,"column":27},"end":{"line":118,"column":28}},"loc":{"start":{"line":118,"column":47},"end":{"line":134,"column":9}}},"18":{"name":"(anonymous_18)","decl":{"start":{"line":121,"column":37},"end":{"line":121,"column":40}},"loc":{"start":{"line":121,"column":42},"end":{"line":123,"column":13}}},"19":{"name":"(anonymous_19)","decl":{"start":{"line":124,"column":34},"end":{"line":124,"column":35}},"loc":{"start":{"line":124,"column":44},"end":{"line":126,"column":13}}},"20":{"name":"(anonymous_20)","decl":{"start":{"line":128,"column":34},"end":{"line":128,"column":35}},"loc":{"start":{"line":128,"column":44},"end":{"line":130,"column":13}}},"21":{"name":"(anonymous_21)","decl":{"start":{"line":140,"column":11},"end":{"line":140,"column":16}},"loc":{"start":{"line":140,"column":22},"end":{"line":162,"column":5}}},"22":{"name":"(anonymous_22)","decl":{"start":{"line":145,"column":27},"end":{"line":145,"column":28}},"loc":{"start":{"line":145,"column":47},"end":{"line":161,"column":9}}},"23":{"name":"(anonymous_23)","decl":{"start":{"line":148,"column":37},"end":{"line":148,"column":40}},"loc":{"start":{"line":148,"column":42},"end":{"line":150,"column":13}}},"24":{"name":"(anonymous_24)","decl":{"start":{"line":151,"column":34},"end":{"line":151,"column":35}},"loc":{"start":{"line":151,"column":44},"end":{"line":153,"column":13}}},"25":{"name":"(anonymous_25)","decl":{"start":{"line":155,"column":34},"end":{"line":155,"column":35}},"loc":{"start":{"line":155,"column":44},"end":{"line":157,"column":13}}},"26":{"name":"(anonymous_26)","decl":{"start":{"line":167,"column":11},"end":{"line":167,"column":16}},"loc":{"start":{"line":167,"column":16},"end":{"line":172,"column":5}}}},"branchMap":{"0":{"loc":{"start":{"line":17,"column":16},"end":{"line":17,"column":40}},"type":"default-arg","locations":[{"start":{"line":17,"column":33},"end":{"line":17,"column":40}}]},"1":{"loc":{"start":{"line":17,"column":42},"end":{"line":17,"column":71}},"type":"default-arg","locations":[{"start":{"line":17,"column":62},"end":{"line":17,"column":71}}]},"2":{"loc":{"start":{"line":17,"column":73},"end":{"line":17,"column":94}},"type":"default-arg","locations":[{"start":{"line":17,"column":93},"end":{"line":17,"column":94}}]},"3":{"loc":{"start":{"line":44,"column":16},"end":{"line":46,"column":17}},"type":"if","locations":[{"start":{"line":44,"column":16},"end":{"line":46,"column":17}}]},"4":{"loc":{"start":{"line":57,"column":8},"end":{"line":59,"column":9}},"type":"if","locations":[{"start":{"line":57,"column":8},"end":{"line":59,"column":9}}]},"5":{"loc":{"start":{"line":86,"column":8},"end":{"line":88,"column":9}},"type":"if","locations":[{"start":{"line":86,"column":8},"end":{"line":88,"column":9}}]},"6":{"loc":{"start":{"line":104,"column":24},"end":{"line":104,"column":46}},"type":"binary-expr","locations":[{"start":{"line":104,"column":24},"end":{"line":104,"column":38}},{"start":{"line":104,"column":42},"end":{"line":104,"column":46}}]},"7":{"loc":{"start":{"line":114,"column":8},"end":{"line":116,"column":9}},"type":"if","locations":[{"start":{"line":114,"column":8},"end":{"line":116,"column":9}}]},"8":{"loc":{"start":{"line":141,"column":8},"end":{"line":143,"column":9}},"type":"if","locations":[{"start":{"line":141,"column":8},"end":{"line":143,"column":9}}]},"9":{"loc":{"start":{"line":168,"column":8},"end":{"line":171,"column":9}},"type":"if","locations":[{"start":{"line":168,"column":8},"end":{"line":171,"column":9}}]}},"s":{"0":0,"1":0,"2":0,"3":0,"4":0,"5":0,"6":0,"7":0,"8":0,"9":0,"10":0,"11":0,"12":0,"13":0,"14":0,"15":0,"16":0,"17":0,"18":0,"19":0,"20":0,"21":0,"22":0,"23":0,"24":0,"25":0,"26":0,"27":0,"28":0,"29":0,"30":0,"31":0,"32":0,"33":0,"34":0,"35":0,"36":0,"37":0,"38":0,"39":0,"40":0,"41":0,"42":0,"43":0,"44":0,"45":0,"46":0,"47":0,"48":0,"49":0,"50":0,"51":0,"52":0,"53":0,"54":0,"55":0,"56":0,"57":0,"58":0,"59":0,"60":0,"61":0,"62":0,"63":0,"64":0,"65":0},"f":{"0":0,"1":0,"2":0,"3":0,"4":0,"5":0,"6":0,"7":0,"8":0,"9":0,"10":0,"11":0,"12":0,"13":0,"14":0,"15":0,"16":0,"17":0,"18":0,"19":0,"20":0,"21":0,"22":0,"23":0,"24":0,"25":0,"26":0},"b":{"0":[0],"1":[0],"2":[0],"3":[0],"4":[0],"5":[0],"6":[0,0],"7":[0],"8":[0],"9":[0]}}
}
