TN:
SF:src/core/AuthorizationCodeGrant.ts
FN:12,(anonymous_0)
FN:20,(anonymous_1)
FN:28,(anonymous_2)
FN:57,(anonymous_3)
FN:95,(anonymous_4)
FN:118,(anonymous_5)
FN:177,(anonymous_6)
FN:259,(anonymous_7)
FNF:8
FNH:8
FNDA:11,(anonymous_0)
FNDA:11,(anonymous_1)
FNDA:20,(anonymous_2)
FNDA:2,(anonymous_3)
FNDA:8,(anonymous_4)
FNDA:15,(anonymous_5)
FNDA:9,(anonymous_6)
FNDA:9,(anonymous_7)
DA:1,2
DA:2,2
DA:12,2
DA:14,11
DA:15,11
DA:17,11
DA:19,11
DA:21,11
DA:22,1
DA:24,10
DA:27,10
DA:28,20
DA:29,10
DA:30,1
DA:34,9
DA:36,9
DA:41,9
DA:46,9
DA:48,9
DA:50,2
DA:53,2
DA:58,2
DA:59,1
DA:61,1
DA:63,1
DA:65,1
DA:69,8
DA:70,8
DA:73,8
DA:74,8
DA:78,8
DA:88,8
DA:95,2
DA:98,8
DA:100,8
DA:106,8
DA:110,8
DA:118,2
DA:119,15
DA:121,15
DA:123,15
DA:124,1
DA:127,14
DA:128,14
DA:129,1
DA:134,13
DA:135,1
DA:140,12
DA:141,12
DA:142,12
DA:143,12
DA:146,12
DA:147,12
DA:148,1
DA:152,11
DA:153,11
DA:154,1
DA:158,10
DA:159,10
DA:160,1
DA:166,9
DA:169,9
DA:178,9
DA:179,1
DA:181,8
DA:185,8
DA:186,8
DA:187,8
DA:188,1
DA:192,7
DA:193,7
DA:199,6
DA:200,6
DA:201,1
DA:206,5
DA:207,1
DA:213,4
DA:214,4
DA:215,4
DA:216,4
DA:219,4
DA:220,1
DA:221,1
DA:229,1
DA:233,4
DA:234,4
DA:235,4
DA:236,4
DA:237,4
DA:238,4
DA:241,4
DA:259,2
DA:268,9
DA:269,9
DA:271,9
DA:284,9
DA:302,2
LF:97
LH:97
BRDA:21,0,0,1
BRDA:28,1,0,16
BRDA:28,1,1,4
BRDA:29,2,0,1
BRDA:48,3,0,2
BRDA:55,4,0,2
BRDA:55,4,1,2
BRDA:58,5,0,1
BRDA:123,6,0,1
BRDA:128,7,0,1
BRDA:128,8,0,14
BRDA:128,8,1,14
BRDA:134,9,0,1
BRDA:147,10,0,1
BRDA:152,11,0,11
BRDA:152,11,1,2
BRDA:153,12,0,1
BRDA:159,13,0,1
BRDA:178,14,0,1
BRDA:187,15,0,1
BRDA:200,16,0,1
BRDA:206,17,0,1
BRDA:215,18,0,1
BRDA:219,19,0,1
BRF:24
BRH:24
end_of_record
TN:
SF:src/core/DynamicClientRegistration.ts
FN:10,(anonymous_0)
FNF:1
FNH:1
FNDA:6,(anonymous_0)
DA:10,2
DA:15,6
DA:24,6
DA:36,2
LF:4
LH:4
BRF:0
BRH:0
end_of_record
TN:
SF:src/core/RefreshTokenGrant.ts
FN:13,(anonymous_0)
FN:35,(anonymous_1)
FN:98,(anonymous_2)
FNF:3
FNH:3
FNDA:24,(anonymous_0)
FNDA:19,(anonymous_1)
FNDA:19,(anonymous_2)
DA:1,2
DA:13,2
DA:15,24
DA:17,24
DA:18,24
DA:19,24
DA:20,24
DA:21,24
DA:23,24
DA:25,5
DA:29,19
DA:36,19
DA:37,2
DA:39,17
DA:43,17
DA:44,17
DA:45,17
DA:46,1
DA:50,16
DA:51,16
DA:52,1
DA:56,15
DA:57,15
DA:63,13
DA:64,13
DA:65,1
DA:70,12
DA:71,1
DA:77,11
DA:79,10
DA:84,24
DA:98,2
DA:105,19
DA:106,19
DA:108,19
DA:121,19
DA:137,2
LF:37
LH:37
BRDA:23,0,0,5
BRDA:23,1,0,24
BRDA:23,1,1,23
BRDA:23,1,2,22
BRDA:23,1,3,21
BRDA:36,2,0,2
BRDA:45,3,0,1
BRDA:51,4,0,1
BRDA:64,5,0,1
BRDA:70,6,0,1
BRF:10
BRH:10
end_of_record
TN:
SF:src/core/Session.ts
FN:77,(anonymous_0)
FN:82,(anonymous_1)
FN:92,(anonymous_2)
FN:106,(anonymous_3)
FN:115,(anonymous_4)
FN:120,(anonymous_5)
FN:128,(anonymous_6)
FN:159,(anonymous_7)
FN:207,(anonymous_8)
FN:231,(anonymous_9)
FN:251,(anonymous_10)
FN:275,(anonymous_11)
FN:279,(anonymous_12)
FN:283,(anonymous_13)
FN:288,(anonymous_14)
FNF:15
FNH:15
FNDA:32,(anonymous_0)
FNDA:1,(anonymous_1)
FNDA:2,(anonymous_2)
FNDA:3,(anonymous_3)
FNDA:1,(anonymous_4)
FNDA:1,(anonymous_5)
FNDA:5,(anonymous_6)
FNDA:4,(anonymous_7)
FNDA:20,(anonymous_8)
FNDA:3,(anonymous_9)
FNDA:24,(anonymous_10)
FNDA:9,(anonymous_11)
FNDA:9,(anonymous_12)
FNDA:6,(anonymous_13)
FNDA:3,(anonymous_14)
DA:1,1
DA:2,1
DA:3,1
DA:69,1
DA:70,32
DA:71,32
DA:72,32
DA:78,32
DA:79,32
DA:83,1
DA:94,2
DA:96,2
DA:98,1
DA:99,1
DA:107,3
DA:108,1
DA:114,2
DA:117,1
DA:130,5
DA:131,5
DA:132,5
DA:134,5
DA:135,5
DA:136,5
DA:137,5
DA:139,1
DA:141,5
DA:143,5
DA:144,4
DA:145,4
DA:146,4
DA:165,4
DA:166,1
DA:167,1
DA:168,1
DA:170,3
DA:171,3
DA:172,3
DA:173,3
DA:177,4
DA:178,3
DA:182,3
DA:183,3
DA:184,3
DA:188,4
DA:189,1
DA:192,3
DA:209,20
DA:210,20
DA:212,20
DA:214,20
DA:215,20
DA:217,20
DA:221,20
DA:232,3
DA:233,0
DA:235,3
DA:236,3
DA:239,3
DA:252,24
DA:253,2
DA:254,2
DA:256,22
DA:257,22
DA:258,22
DA:259,22
DA:260,1
DA:262,21
DA:263,21
DA:264,21
DA:266,1
DA:276,9
DA:280,9
DA:284,6
DA:285,6
DA:289,3
LF:76
LH:75
BRDA:96,0,0,1
BRDA:107,1,0,1
BRDA:135,2,0,5
BRDA:143,3,0,4
BRDA:165,4,0,1
BRDA:165,4,1,3
BRDA:167,5,0,1
BRDA:167,5,1,1
BRDA:167,5,2,0
BRDA:170,6,0,3
BRDA:170,6,1,2
BRDA:172,7,0,3
BRDA:172,7,1,2
BRDA:173,8,0,1
BRDA:173,8,1,2
BRDA:177,9,0,3
BRDA:178,10,0,3
BRDA:178,10,1,3
BRDA:188,11,0,1
BRDA:232,12,0,0
BRDA:232,13,0,3
BRDA:232,13,1,3
BRDA:252,14,0,2
BRDA:259,15,0,1
BRDA:289,16,0,3
BRDA:289,16,1,2
BRF:26
BRH:24
end_of_record
TN:
SF:src/web/RefreshWorker.ts
FN:11,(anonymous_0)
FN:16,(anonymous_1)
FN:44,broadcast
FN:51,performRefresh
FN:67,clearAllTimers
FN:73,scheduleTimers
FN:92,(anonymous_6)
FNF:7
FNH:0
FNDA:0,(anonymous_0)
FNDA:0,(anonymous_1)
FNDA:0,broadcast
FNDA:0,performRefresh
FNDA:0,clearAllTimers
FNDA:0,scheduleTimers
FNDA:0,(anonymous_6)
DA:5,0
DA:8,0
DA:11,0
DA:12,0
DA:14,0
DA:16,0
DA:17,0
DA:19,0
DA:20,0
DA:21,0
DA:22,0
DA:25,0
DA:26,0
DA:27,0
DA:31,0
DA:32,0
DA:34,0
DA:35,0
DA:36,0
DA:41,0
DA:45,0
DA:46,0
DA:47,0
DA:52,0
DA:53,0
DA:54,0
DA:57,0
DA:60,0
DA:63,0
DA:68,0
DA:69,0
DA:70,0
DA:74,0
DA:75,0
DA:77,0
DA:80,0
DA:81,0
DA:83,0
DA:84,0
DA:88,0
DA:89,0
DA:91,0
DA:92,0
DA:94,0
LF:44
LH:0
BRDA:19,0,0,0
BRDA:19,1,0,0
BRDA:19,1,1,0
BRDA:25,2,0,0
BRDA:31,3,0,0
BRDA:34,4,0,0
BRDA:68,5,0,0
BRDA:69,6,0,0
BRDA:83,7,0,0
BRDA:91,8,0,0
BRF:10
BRH:0
end_of_record
TN:
SF:src/web/Session.ts
FN:20,(anonymous_0)
FN:32,(anonymous_1)
FN:35,(anonymous_2)
FN:40,(anonymous_3)
FN:55,(anonymous_4)
FN:59,(anonymous_5)
FN:68,(anonymous_6)
FN:76,(anonymous_7)
FN:82,(anonymous_8)
FN:86,(anonymous_9)
FN:90,(anonymous_10)
FNF:11
FNH:0
FNDA:0,(anonymous_0)
FNDA:0,(anonymous_1)
FNDA:0,(anonymous_2)
FNDA:0,(anonymous_3)
FNDA:0,(anonymous_4)
FNDA:0,(anonymous_5)
FNDA:0,(anonymous_6)
FNDA:0,(anonymous_7)
FNDA:0,(anonymous_8)
FNDA:0,(anonymous_9)
FNDA:0,(anonymous_10)
DA:24,0
DA:25,0
DA:26,0
DA:27,0
DA:30,0
DA:31,0
DA:32,0
DA:33,0
DA:35,0
DA:36,0
DA:40,0
DA:41,0
DA:42,0
DA:44,0
DA:45,0
DA:47,0
DA:48,0
DA:50,0
DA:51,0
DA:56,0
DA:60,0
DA:63,0
DA:64,0
DA:69,0
DA:71,0
DA:72,0
DA:78,0
DA:79,0
DA:83,0
DA:87,0
DA:91,0
LF:31
LH:0
BRDA:30,0,0,0
BRDA:30,0,1,0
BRDA:42,1,0,0
BRDA:42,1,1,0
BRDA:42,1,2,0
BRDA:63,2,0,0
BRDA:71,3,0,0
BRF:7
BRH:0
end_of_record
TN:
SF:src/web/SessionDatabase.ts
FN:17,(anonymous_0)
FN:27,(anonymous_1)
FN:28,(anonymous_2)
FN:31,(anonymous_3)
FN:35,(anonymous_4)
FN:40,(anonymous_5)
FN:56,(anonymous_6)
FN:61,(anonymous_7)
FN:64,(anonymous_8)
FN:67,(anonymous_9)
FN:71,(anonymous_10)
FN:85,(anonymous_11)
FN:90,(anonymous_12)
FN:93,(anonymous_13)
FN:97,(anonymous_14)
FN:103,(anonymous_15)
FN:113,(anonymous_16)
FN:118,(anonymous_17)
FN:121,(anonymous_18)
FN:124,(anonymous_19)
FN:128,(anonymous_20)
FN:140,(anonymous_21)
FN:145,(anonymous_22)
FN:148,(anonymous_23)
FN:151,(anonymous_24)
FN:155,(anonymous_25)
FN:167,(anonymous_26)
FNF:27
FNH:0
FNDA:0,(anonymous_0)
FNDA:0,(anonymous_1)
FNDA:0,(anonymous_2)
FNDA:0,(anonymous_3)
FNDA:0,(anonymous_4)
FNDA:0,(anonymous_5)
FNDA:0,(anonymous_6)
FNDA:0,(anonymous_7)
FNDA:0,(anonymous_8)
FNDA:0,(anonymous_9)
FNDA:0,(anonymous_10)
FNDA:0,(anonymous_11)
FNDA:0,(anonymous_12)
FNDA:0,(anonymous_13)
FNDA:0,(anonymous_14)
FNDA:0,(anonymous_15)
FNDA:0,(anonymous_16)
FNDA:0,(anonymous_17)
FNDA:0,(anonymous_18)
FNDA:0,(anonymous_19)
FNDA:0,(anonymous_20)
FNDA:0,(anonymous_21)
FNDA:0,(anonymous_22)
FNDA:0,(anonymous_23)
FNDA:0,(anonymous_24)
FNDA:0,(anonymous_25)
FNDA:0,(anonymous_26)
DA:9,0
DA:18,0
DA:19,0
DA:20,0
DA:28,0
DA:29,0
DA:31,0
DA:32,0
DA:35,0
DA:36,0
DA:37,0
DA:40,0
DA:41,0
DA:44,0
DA:45,0
DA:57,0
DA:58,0
DA:61,0
DA:62,0
DA:64,0
DA:65,0
DA:67,0
DA:68,0
DA:71,0
DA:72,0
DA:75,0
DA:76,0
DA:86,0
DA:87,0
DA:90,0
DA:91,0
DA:93,0
DA:94,0
DA:97,0
DA:98,0
DA:101,0
DA:102,0
DA:103,0
DA:104,0
DA:114,0
DA:115,0
DA:118,0
DA:119,0
DA:121,0
DA:122,0
DA:124,0
DA:125,0
DA:128,0
DA:129,0
DA:132,0
DA:133,0
DA:141,0
DA:142,0
DA:145,0
DA:146,0
DA:148,0
DA:149,0
DA:151,0
DA:152,0
DA:155,0
DA:156,0
DA:159,0
DA:160,0
DA:168,0
DA:169,0
DA:170,0
LF:66
LH:0
BRDA:17,0,0,0
BRDA:17,1,0,0
BRDA:17,2,0,0
BRDA:44,3,0,0
BRDA:57,4,0,0
BRDA:86,5,0,0
BRDA:104,6,0,0
BRDA:104,6,1,0
BRDA:114,7,0,0
BRDA:141,8,0,0
BRDA:168,9,0,0
BRF:11
BRH:0
end_of_record
