TN:
SF:src/core/AuthorizationCodeGrant.ts
FN:12,(anonymous_0)
FN:20,(anonymous_1)
FN:28,(anonymous_2)
FN:57,(anonymous_3)
FN:99,(anonymous_4)
FN:122,(anonymous_5)
FN:181,(anonymous_6)
FN:263,(anonymous_7)
FNF:8
FNH:8
FNDA:11,(anonymous_0)
FNDA:11,(anonymous_1)
FNDA:20,(anonymous_2)
FNDA:2,(anonymous_3)
FNDA:8,(anonymous_4)
FNDA:15,(anonymous_5)
FNDA:9,(anonymous_6)
FNDA:9,(anonymous_7)
DA:1,2
DA:2,2
DA:12,2
DA:14,11
DA:15,11
DA:17,11
DA:19,11
DA:21,11
DA:22,1
DA:24,10
DA:27,10
DA:28,20
DA:29,10
DA:30,1
DA:34,9
DA:36,9
DA:41,9
DA:46,9
DA:48,9
DA:50,2
DA:53,2
DA:58,2
DA:59,1
DA:61,1
DA:63,1
DA:66,8
DA:67,8
DA:69,8
DA:73,8
DA:74,8
DA:77,8
DA:78,8
DA:82,8
DA:92,8
DA:99,2
DA:102,8
DA:104,8
DA:110,8
DA:114,8
DA:122,2
DA:123,15
DA:125,15
DA:127,15
DA:128,1
DA:131,14
DA:132,14
DA:133,1
DA:138,13
DA:139,1
DA:144,12
DA:145,12
DA:146,12
DA:147,12
DA:150,12
DA:151,12
DA:152,1
DA:156,11
DA:157,11
DA:158,1
DA:162,10
DA:163,10
DA:164,1
DA:170,9
DA:173,9
DA:182,9
DA:183,1
DA:185,8
DA:189,8
DA:190,8
DA:191,8
DA:192,1
DA:196,7
DA:197,7
DA:203,6
DA:204,6
DA:205,1
DA:210,5
DA:211,1
DA:217,4
DA:218,4
DA:219,4
DA:220,4
DA:223,4
DA:224,1
DA:225,1
DA:233,1
DA:237,4
DA:238,4
DA:239,4
DA:240,4
DA:241,4
DA:242,4
DA:245,4
DA:263,2
DA:272,9
DA:273,9
DA:275,9
DA:288,9
DA:306,2
LF:99
LH:99
BRDA:21,0,0,1
BRDA:28,1,0,16
BRDA:28,1,1,4
BRDA:29,2,0,1
BRDA:48,3,0,2
BRDA:55,4,0,2
BRDA:55,4,1,2
BRDA:58,5,0,1
BRDA:127,6,0,1
BRDA:132,7,0,1
BRDA:132,8,0,14
BRDA:132,8,1,14
BRDA:138,9,0,1
BRDA:151,10,0,1
BRDA:156,11,0,11
BRDA:156,11,1,2
BRDA:157,12,0,1
BRDA:163,13,0,1
BRDA:182,14,0,1
BRDA:191,15,0,1
BRDA:204,16,0,1
BRDA:210,17,0,1
BRDA:219,18,0,1
BRDA:223,19,0,1
BRF:24
BRH:24
end_of_record
TN:
SF:src/core/DynamicClientRegistration.ts
FN:10,(anonymous_0)
FNF:1
FNH:1
FNDA:6,(anonymous_0)
DA:10,2
DA:15,6
DA:24,6
DA:36,2
LF:4
LH:4
BRF:0
BRH:0
end_of_record
TN:
SF:src/core/RefreshTokenGrant.ts
FN:13,(anonymous_0)
FN:35,(anonymous_1)
FN:98,(anonymous_2)
FNF:3
FNH:3
FNDA:24,(anonymous_0)
FNDA:19,(anonymous_1)
FNDA:19,(anonymous_2)
DA:1,2
DA:13,2
DA:15,24
DA:17,24
DA:18,24
DA:19,24
DA:20,24
DA:21,24
DA:23,24
DA:25,5
DA:29,19
DA:36,19
DA:37,2
DA:39,17
DA:43,17
DA:44,17
DA:45,17
DA:46,1
DA:50,16
DA:51,16
DA:52,1
DA:56,15
DA:57,15
DA:63,13
DA:64,13
DA:65,1
DA:70,12
DA:71,1
DA:77,11
DA:79,10
DA:84,24
DA:98,2
DA:105,19
DA:106,19
DA:108,19
DA:121,19
DA:137,2
LF:37
LH:37
BRDA:23,0,0,5
BRDA:23,1,0,24
BRDA:23,1,1,23
BRDA:23,1,2,22
BRDA:23,1,3,21
BRDA:36,2,0,2
BRDA:45,3,0,1
BRDA:51,4,0,1
BRDA:64,5,0,1
BRDA:70,6,0,1
BRF:10
BRH:10
end_of_record
TN:
SF:src/core/Session.ts
FN:78,(anonymous_0)
FN:83,(anonymous_1)
FN:93,(anonymous_2)
FN:108,(anonymous_3)
FN:117,(anonymous_4)
FN:122,(anonymous_5)
FN:130,(anonymous_6)
FN:156,(anonymous_7)
FN:204,(anonymous_8)
FN:228,(anonymous_9)
FN:248,(anonymous_10)
FN:275,(anonymous_11)
FN:288,(anonymous_12)
FN:292,(anonymous_13)
FN:296,(anonymous_14)
FN:301,(anonymous_15)
FN:305,(anonymous_16)
FNF:17
FNH:17
FNDA:32,(anonymous_0)
FNDA:1,(anonymous_1)
FNDA:2,(anonymous_2)
FNDA:3,(anonymous_3)
FNDA:1,(anonymous_4)
FNDA:1,(anonymous_5)
FNDA:14,(anonymous_6)
FNDA:4,(anonymous_7)
FNDA:7,(anonymous_8)
FNDA:3,(anonymous_9)
FNDA:24,(anonymous_10)
FNDA:2,(anonymous_11)
FNDA:9,(anonymous_12)
FNDA:9,(anonymous_13)
FNDA:7,(anonymous_14)
FNDA:3,(anonymous_15)
FNDA:3,(anonymous_16)
DA:1,1
DA:2,1
DA:3,1
DA:69,1
DA:70,32
DA:72,32
DA:73,32
DA:79,32
DA:80,32
DA:84,1
DA:95,2
DA:97,2
DA:99,1
DA:100,1
DA:101,1
DA:109,3
DA:110,1
DA:116,2
DA:119,1
DA:132,14
DA:133,14
DA:134,14
DA:135,14
DA:136,14
DA:137,14
DA:140,14
DA:141,12
DA:142,12
DA:143,12
DA:162,4
DA:163,1
DA:164,1
DA:165,1
DA:167,3
DA:168,3
DA:169,3
DA:170,3
DA:174,4
DA:175,3
DA:179,3
DA:180,3
DA:181,3
DA:185,4
DA:186,1
DA:189,3
DA:206,7
DA:207,7
DA:209,7
DA:211,7
DA:212,7
DA:214,7
DA:218,7
DA:229,3
DA:230,0
DA:232,3
DA:233,3
DA:236,3
DA:249,24
DA:250,2
DA:251,2
DA:253,22
DA:254,22
DA:255,22
DA:256,22
DA:257,1
DA:259,21
DA:260,21
DA:261,9
DA:263,12
DA:264,12
DA:265,12
DA:266,12
DA:268,10
DA:276,2
DA:277,0
DA:279,2
DA:280,2
DA:289,9
DA:293,9
DA:297,7
DA:298,7
DA:302,3
DA:306,3
DA:307,2
LF:84
LH:82
BRDA:97,0,0,1
BRDA:109,1,0,1
BRDA:140,2,0,12
BRDA:162,3,0,1
BRDA:162,3,1,3
BRDA:164,4,0,1
BRDA:164,4,1,1
BRDA:164,4,2,0
BRDA:167,5,0,3
BRDA:167,5,1,2
BRDA:169,6,0,3
BRDA:169,6,1,2
BRDA:170,7,0,1
BRDA:170,7,1,2
BRDA:174,8,0,3
BRDA:175,9,0,3
BRDA:175,9,1,3
BRDA:185,10,0,1
BRDA:229,11,0,0
BRDA:229,12,0,3
BRDA:229,12,1,3
BRDA:249,13,0,2
BRDA:256,14,0,1
BRDA:260,15,0,9
BRDA:275,16,0,2
BRDA:276,17,0,0
BRDA:276,18,0,2
BRDA:276,18,1,2
BRDA:302,19,0,3
BRDA:302,19,1,2
BRDA:306,20,0,1
BRF:31
BRH:28
end_of_record
TN:
SF:src/web/RefreshWorker.ts
FN:5,(anonymous_0)
FN:27,(anonymous_1)
FN:31,(anonymous_2)
FN:63,(anonymous_3)
FN:69,broadcast
FN:76,performRefresh
FN:91,clearAllTimers
FN:97,scheduleTimers
FN:112,(anonymous_8)
FNF:9
FNH:0
FNDA:0,(anonymous_0)
FNDA:0,(anonymous_1)
FNDA:0,(anonymous_2)
FNDA:0,(anonymous_3)
FNDA:0,broadcast
FNDA:0,performRefresh
FNDA:0,clearAllTimers
FNDA:0,scheduleTimers
FNDA:0,(anonymous_8)
DA:5,0
DA:6,0
DA:7,0
DA:8,0
DA:9,0
DA:10,0
DA:11,0
DA:12,0
DA:21,0
DA:24,0
DA:25,0
DA:27,0
DA:28,0
DA:29,0
DA:31,0
DA:32,0
DA:34,0
DA:35,0
DA:36,0
DA:37,0
DA:40,0
DA:41,0
DA:42,0
DA:43,0
DA:45,0
DA:46,0
DA:50,0
DA:51,0
DA:52,0
DA:53,0
DA:56,0
DA:57,0
DA:61,0
DA:63,0
DA:64,0
DA:65,0
DA:70,0
DA:71,0
DA:72,0
DA:77,0
DA:78,0
DA:79,0
DA:81,0
DA:83,0
DA:84,0
DA:87,0
DA:92,0
DA:93,0
DA:94,0
DA:98,0
DA:99,0
DA:101,0
DA:102,0
DA:103,0
DA:105,0
DA:106,0
DA:107,0
DA:110,0
DA:111,0
DA:112,0
DA:113,0
DA:114,0
LF:62
LH:0
BRDA:5,0,0,0
BRDA:5,0,1,0
BRDA:34,1,0,0
BRDA:34,2,0,0
BRDA:34,2,1,0
BRDA:40,3,0,0
BRDA:41,4,0,0
BRDA:41,4,1,0
BRDA:50,5,0,0
BRDA:56,6,0,0
BRDA:92,7,0,0
BRDA:93,8,0,0
BRDA:106,9,0,0
BRF:13
BRH:0
end_of_record
TN:
SF:src/web/Session.ts
FN:30,(anonymous_0)
FN:44,(anonymous_1)
FN:47,(anonymous_2)
FN:52,(anonymous_3)
FN:86,(anonymous_4)
FN:93,(anonymous_5)
FN:95,(anonymous_6)
FN:102,(anonymous_7)
FN:108,(anonymous_8)
FN:124,(anonymous_9)
FN:130,(anonymous_10)
FNF:11
FNH:0
FNDA:0,(anonymous_0)
FNDA:0,(anonymous_1)
FNDA:0,(anonymous_2)
FNDA:0,(anonymous_3)
FNDA:0,(anonymous_4)
FNDA:0,(anonymous_5)
FNDA:0,(anonymous_6)
FNDA:0,(anonymous_7)
FNDA:0,(anonymous_8)
FNDA:0,(anonymous_9)
FNDA:0,(anonymous_10)
DA:34,0
DA:35,0
DA:36,0
DA:37,0
DA:38,0
DA:39,0
DA:42,0
DA:43,0
DA:44,0
DA:45,0
DA:47,0
DA:48,0
DA:52,0
DA:53,0
DA:54,0
DA:56,0
DA:57,0
DA:58,0
DA:59,0
DA:61,0
DA:63,0
DA:64,0
DA:65,0
DA:66,0
DA:67,0
DA:69,0
DA:71,0
DA:73,0
DA:75,0
DA:76,0
DA:77,0
DA:78,0
DA:79,0
DA:81,0
DA:87,0
DA:88,0
DA:89,0
DA:94,0
DA:95,0
DA:96,0
DA:97,0
DA:99,0
DA:103,0
DA:104,0
DA:105,0
DA:109,0
DA:110,0
DA:111,0
DA:112,0
DA:114,0
DA:117,0
DA:118,0
DA:121,0
DA:125,0
DA:126,0
DA:131,0
DA:132,0
DA:133,0
LF:58
LH:0
BRDA:42,0,0,0
BRDA:42,0,1,0
BRDA:54,1,0,0
BRDA:54,1,1,0
BRDA:54,1,2,0
BRDA:57,2,0,0
BRDA:57,3,0,0
BRDA:57,3,1,0
BRDA:63,4,0,0
BRDA:65,5,0,0
BRDA:65,6,0,0
BRDA:65,6,1,0
BRDA:66,7,0,0
BRDA:66,7,1,0
BRDA:67,8,0,0
BRDA:67,8,1,0
BRDA:77,9,0,0
BRDA:77,10,0,0
BRDA:77,10,1,0
BRDA:78,11,0,0
BRDA:78,11,1,0
BRDA:88,12,0,0
BRDA:109,13,0,0
BRDA:111,14,0,0
BRDA:111,14,1,0
BRF:25
BRH:0
end_of_record
TN:
SF:src/web/SessionDatabase.ts
FN:17,(anonymous_0)
FN:27,(anonymous_1)
FN:28,(anonymous_2)
FN:31,(anonymous_3)
FN:35,(anonymous_4)
FN:40,(anonymous_5)
FN:56,(anonymous_6)
FN:61,(anonymous_7)
FN:64,(anonymous_8)
FN:67,(anonymous_9)
FN:71,(anonymous_10)
FN:85,(anonymous_11)
FN:90,(anonymous_12)
FN:93,(anonymous_13)
FN:97,(anonymous_14)
FN:103,(anonymous_15)
FN:113,(anonymous_16)
FN:118,(anonymous_17)
FN:121,(anonymous_18)
FN:124,(anonymous_19)
FN:128,(anonymous_20)
FN:140,(anonymous_21)
FN:145,(anonymous_22)
FN:148,(anonymous_23)
FN:151,(anonymous_24)
FN:155,(anonymous_25)
FN:167,(anonymous_26)
FNF:27
FNH:0
FNDA:0,(anonymous_0)
FNDA:0,(anonymous_1)
FNDA:0,(anonymous_2)
FNDA:0,(anonymous_3)
FNDA:0,(anonymous_4)
FNDA:0,(anonymous_5)
FNDA:0,(anonymous_6)
FNDA:0,(anonymous_7)
FNDA:0,(anonymous_8)
FNDA:0,(anonymous_9)
FNDA:0,(anonymous_10)
FNDA:0,(anonymous_11)
FNDA:0,(anonymous_12)
FNDA:0,(anonymous_13)
FNDA:0,(anonymous_14)
FNDA:0,(anonymous_15)
FNDA:0,(anonymous_16)
FNDA:0,(anonymous_17)
FNDA:0,(anonymous_18)
FNDA:0,(anonymous_19)
FNDA:0,(anonymous_20)
FNDA:0,(anonymous_21)
FNDA:0,(anonymous_22)
FNDA:0,(anonymous_23)
FNDA:0,(anonymous_24)
FNDA:0,(anonymous_25)
FNDA:0,(anonymous_26)
DA:9,0
DA:18,0
DA:19,0
DA:20,0
DA:28,0
DA:29,0
DA:31,0
DA:32,0
DA:35,0
DA:36,0
DA:37,0
DA:40,0
DA:41,0
DA:44,0
DA:45,0
DA:57,0
DA:58,0
DA:61,0
DA:62,0
DA:64,0
DA:65,0
DA:67,0
DA:68,0
DA:71,0
DA:72,0
DA:75,0
DA:76,0
DA:86,0
DA:87,0
DA:90,0
DA:91,0
DA:93,0
DA:94,0
DA:97,0
DA:98,0
DA:101,0
DA:102,0
DA:103,0
DA:104,0
DA:114,0
DA:115,0
DA:118,0
DA:119,0
DA:121,0
DA:122,0
DA:124,0
DA:125,0
DA:128,0
DA:129,0
DA:132,0
DA:133,0
DA:141,0
DA:142,0
DA:145,0
DA:146,0
DA:148,0
DA:149,0
DA:151,0
DA:152,0
DA:155,0
DA:156,0
DA:159,0
DA:160,0
DA:168,0
DA:169,0
DA:170,0
LF:66
LH:0
BRDA:17,0,0,0
BRDA:17,1,0,0
BRDA:17,2,0,0
BRDA:44,3,0,0
BRDA:57,4,0,0
BRDA:86,5,0,0
BRDA:104,6,0,0
BRDA:104,6,1,0
BRDA:114,7,0,0
BRDA:141,8,0,0
BRDA:168,9,0,0
BRF:11
BRH:0
end_of_record
